203648338 17:30:12 10272 Level0 -- INI:[COMMON] XCCHKUD=1
203648338 17:30:12 10272 Level0 -- INI:[COMMON] DRTPSENDWAIT=1000
203648338 17:30:12 10272 Level0 -- INI:[COMMON] CONNECTWAIT=1000
203648338 17:30:12 10272 Level0 -- INI:[COMMON] ODFILES=fbulog/*.log>d10;BUWDLOG/*.log>d10;forward/*.ksf>s180
203648338 17:30:12 10272 Level0 -- INI:[COMMON] PUSHFREE=1
203648338 17:30:12 10272 Level0 -- INI:[COMMON] DIRECTPM0=1
203648338 17:30:12 10272 Level0 -- INI:[COMMON] RECVPUSH=0
203648338 17:30:12 10272 Level0 -- INI:[COMMON] DEAMON=1
203648338 17:30:12 10272 Level0 -- INI:[COMMON] ID=1
203648338 17:30:12 10272 Level0 -- INI:[COMMON] BASEFUNCNO=5924
203648338 17:30:12 10272 Level0 -- INI:[COMMON] RDPPFILE=
203648338 17:30:12 10272 Level0 -- INI:[COMMON] RAXFILE=
203648338 17:30:12 10272 Level0 -- INI:[COMMON] BUSELECT=1
203648338 17:30:12 10272 Level0 -- INI:[COMMON] DEBUG=2
203648338 17:30:12 10272 Level0 -- INI:[COMMON] MAXANSLEN=8000
203648338 17:30:12 10272 Level0 -- INI:[COMMON] REQTIMEOUT=10000
203648338 17:30:12 10272 Level0 -- INI:[COMMON] SERVERCOUNT=2
203648338 17:30:12 10272 Level0 -- INI:[COMMON] SERVER1=172.28.120.205:3000:100
203648338 17:30:12 10272 Level0 -- INI:[COMMON] SERVER2=172.28.120.205:3010:100
203648338 17:30:12 10272 Level0 -- INI:[COMMON] SVRMODE=1
203648338 17:30:12 10272 Level0 -- INI:[COMMON] PUSHFUNC=0:0:0
203648338 17:30:12 10272 Level0 -- INI:[COMMON] FORWARD_PATH=forward/
203648338 17:30:12 10272 Level0 -- INI:[COMMON] FORWARD_CLEAR=1800   
203648338 17:30:12 10272 Level0 -- INI:[COMMON] BCCADP=0
203648338 17:30:12 10272 Level0 -- INI:[COMMON] PUSHSUPPORT=1
203648338 17:30:12 10272 Level0 -- INI:[COMMON] MULTIPUSH=4096
203648338 17:30:12 10272 Level0 -- INI:[COMMON] PFSWITCH=1
203648338 17:30:12 10272 Level0 -- INI:[COMMON] PATIME=8
203648338 17:30:12 10272 Level0 -- INI:[COMMON] PUSHDBFS_PATH=
203648338 17:30:12 10272 Level0 -- INI:[COMMON] STATUS_PATH=
203648338 17:30:12 10272 Level0 -- INI:[COMMON] MAXPDFLEN=2048000000  
203648338 17:30:12 10272 Level0 -- INI:[COMMON] KLGPATH=klg
203648338 17:30:12 10272 Level0 -- INI:[COMMON] LOGOVERDUE=3
203648338 17:30:12 10272 Level0 -- INI:[COMMON] TOTALSHMLEN=100
203648338 17:30:12 10272 Level0 -- INI:[COMMON] BUPORT=6623
203648338 17:30:12 10272 Level0 -- INI:[COMMON] LOGSHOW=1
203648338 17:30:12 10272 Level0 -- INI:[COMMON] MONITOR0=900800
203648338 17:30:12 10272 Level0 -- INI:[COMMON] FREETIME=1000
203648338 17:30:12 10272 Level0 -- INI:[COMMON] FUNCSTAT=2
203648338 17:30:12 10272 Level0 -- INI:[COMMON] DRTPGROUP=1
203648338 17:30:12 10272 Level0 -- INI:[COMMON] MQNAME=.\bccmq
203648338 17:30:12 10272 Level0 -- INI:[COMMON] BEGIN=UGIN
203648338 17:30:12 10272 Level0 -- INI:[UGIN] UNITS=4
203648338 17:30:12 10272 Level0 -- INI:[UGIN] REQTIMEOUT=10000
203648338 17:30:12 10272 Level0 -- INI:[UGIN] STARTPROG=
203648338 17:30:12 10272 Level0 -- INI:[UGIN] BEGINSTART=0
203648338 17:30:12 10272 Level0 -- INI:[UGIN] MAXRUNTIME=0
203648338 17:30:12 10272 Level0 -- INI:[UGIN] NOVBUWARN=0
203648338 17:30:12 10272 Level0 -- INI:[UGIN] WAITTIME=10
203648338 17:30:12 10272 Level0 -- INI:[UGIN] WRITEAPPINFO=1
203648338 17:30:12 10272 Level0 -- INI:[UGIN] FIFOPROC1=0
203648338 17:30:12 10272 Level0 -- INI:[UGIN] FIFOPROC2=0
203648338 17:30:12 10272 Level0 -- INI:[UGIN] FIFOPROC3=0
203648338 17:30:12 10272 Level0 -- INI:[UGIN] PROG=
203648338 17:30:12 10272 Level0 -- INI:[UGIN] PATH=
203648338 17:30:12 10272 Level0 -- INI:[UGIN] ARGV=
203648338 17:30:12 10272 Level0 -- INI:[UGIN] BDFILE=
203648338 17:30:12 10272 Level0 -- INI:[UGIN] DISABLE=
203648338 17:30:12 10272 Level0 -- INI:[UGIN] NEXT=UGFMQ
203648338 17:30:12 10272 Level0 -- INI:[UGFMQ] UNITS=1
203648338 17:30:12 10272 Level0 -- INI:[UGFMQ] REQTIMEOUT=10000
203648338 17:30:12 10272 Level0 -- INI:[UGFMQ] STARTPROG=
203648338 17:30:12 10272 Level0 -- INI:[UGFMQ] BEGINSTART=0
203648338 17:30:12 10272 Level0 -- INI:[UGFMQ] MAXRUNTIME=0
203648338 17:30:12 10272 Level0 -- INI:[UGFMQ] NOVBUWARN=0
203648338 17:30:12 10272 Level0 -- INI:[UGFMQ] WAITTIME=10
203648338 17:30:12 10272 Level0 -- INI:[UGFMQ] WRITEAPPINFO=0
203648338 17:30:12 10272 Level0 -- INI:[UGFMQ] FIFOPROC1=1
203648338 17:30:12 10272 Level0 -- INI:[UGFMQ] FIFOPROC2=0
203648338 17:30:12 10272 Level0 -- INI:[UGFMQ] FIFOPROC3=0
203648338 17:30:12 10272 Level0 -- INI:[UGFMQ] PROG=
203648338 17:30:12 10272 Level0 -- INI:[UGFMQ] PATH=
203648338 17:30:12 10272 Level0 -- INI:[UGFMQ] ARGV=
203648338 17:30:12 10272 Level0 -- INI:[UGFMQ] BDFILE=fixfunc.lst
203648338 17:30:12 10272 Level0 -- INI:[UGFMQ] DISABLE=
203648338 17:30:12 10272 Level0 -- INI:[UGFMQ] NEXT=END
203648338 17:30:12 10272 Level0 -- INI:[COMMON] DEFAULT=
203648338 17:30:12 10272 Level0 -- INI:[COMMON] FLOGFILE=flog.txt
203648353 17:30:12 10272 Level0 -- INI:[COMMON] DYNASERVICE=:0:-1
203666387 17:30:31 10272 Level1 -- KSMBCC-IPC Version 2.99 Copyright 2003-2010 KS ChenYH, On 2011-06-08 14:49:58 - 系统开始启动!
203666387 17:30:31 10272 Level41 -- GPT0(通讯平台组BranchNo=100)启动!
203667401 17:30:32 10272 Level120 -- (1319621432)SVR与通讯平台1成功建立连接！
203667401 17:30:32 10272 Level120 -- (1319621432)SVR与通讯平台0成功建立连接！
203695700 17:31:00 10272 Level1122 -- BULink[0] use TCP Only!
203695700 17:31:00 10272 Level200 -- BULink(0)连接成功,作为UGFMQ,开始正式工作!
203696152 17:31:00 10272 Level200 -- 本BULink(0)GID=UGFMQ停止工作!
203806991 17:32:51 10272 Level1122 -- BULink[0] use TCP Only!
203806991 17:32:51 10272 Level200 -- BULink(0)连接成功,作为UGFMQ,开始正式工作!
203807443 17:32:52 10272 Level200 -- 本BULink(0)GID=UGFMQ停止工作!
203881279 17:34:05 10272 Level1122 -- BULink[0] use TCP Only!
203881279 17:34:05 10272 Level200 -- BULink(0)连接成功,作为UGFMQ,开始正式工作!
203881279 17:34:05 10272 Level1122 -- BULink[1] use TCP Only!
203881279 17:34:05 10272 Level200 -- BULink(1)连接成功,作为UGIN,开始正式工作!
203941729 17:35:06 10272 Level200 -- 本BULink(1)GID=UGIN停止工作!
203941729 17:35:06 10272 Level200 -- 本BULink(0)GID=UGFMQ停止工作!
204005159 17:36:09 10272 Level1122 -- BULink[0] use TCP Only!
204005159 17:36:09 10272 Level200 -- BULink(0)连接成功,作为UGFMQ,开始正式工作!
204005175 17:36:09 10272 Level1122 -- BULink[1] use TCP Only!
204005175 17:36:09 10272 Level200 -- BULink(1)连接成功,作为UGIN,开始正式工作!
204048933 17:36:53 10272 Level200 -- 本BULink(1)GID=UGIN停止工作!
204048933 17:36:53 10272 Level200 -- 本BULink(0)GID=UGFMQ停止工作!
204054502 17:36:59 10272 Level1122 -- BULink[0] use TCP Only!
204054502 17:36:59 10272 Level200 -- BULink(0)连接成功,作为UGFMQ,开始正式工作!
204054611 17:36:59 10272 Level1122 -- BULink[1] use TCP Only!
204054611 17:36:59 10272 Level200 -- BULink(1)连接成功,作为UGIN,开始正式工作!
204621176 17:46:25 10272 Level1290 -- (1319622385)CLI通讯平台1(0:5810)接收应答错误:应用服务器未注册或目的网关无法到达(F=5810/D=0,100)!
204824882 17:49:49 10272 Level1588 -- PM1 received, length=340 from SNO:1
204824882 17:49:49 10272 Level7100 -- BU0-GID1 11380 REQ=411701 f=1 n=0 user=0 len=340 ht=0 SendMsg=0 addr:000.000.000.000(000.000) sno=1
204824913 17:49:49 10272 Level7200 -- BU0-GID1 11380 ASW=411701 user=0 retcode=0 len=0 cost 31ms addr:000.000.000.000(000.000)
204862696 17:50:27 10272 Level1588 -- PM1 received, length=340 from SNO:1
204862712 17:50:27 10272 Level7100 -- BU0-GID1 11380 REQ=411701 f=1 n=0 user=0 len=340 ht=0 SendMsg=0 addr:000.000.000.000(000.000) sno=1
204862728 17:50:27 10272 Level7200 -- BU0-GID1 11380 ASW=411701 user=0 retcode=0 len=0 cost 16ms addr:000.000.000.000(000.000)
205200485 17:56:05 10272 Level200 -- 本BULink(1)GID=UGIN停止工作!
205200485 17:56:05 10272 Level200 -- 本BULink(0)GID=UGFMQ停止工作!
