175231211 09:32:39 8656 Level1122 -- BULink[0] use MQ Mode!
175231211 09:32:39 8656 Level200 -- BULink(0)连接成功,作为UGFTS,开始正式工作!
175231258 09:32:39 8656 Level1122 -- BULink[1] use MQ Mode!
175231258 09:32:39 8656 Level200 -- BULink(1)连接成功,作为UGIN,开始正式工作!
175449878 09:36:18 8656 Level200 -- 本BULink(1)GID=UGIN停止工作!
175449878 09:36:18 8656 Level200 -- 本BULink(0)GID=UGFTS停止工作!
175454137 09:36:22 8656 Level1122 -- BULink[0] use MQ Mode!
175454137 09:36:22 8656 Level200 -- BULink(0)连接成功,作为UGFTS,开始正式工作!
175454246 09:36:22 8656 Level1122 -- BULink[1] use MQ Mode!
175454246 09:36:22 8656 Level200 -- BULink(1)连接成功,作为UGIN,开始正式工作!
175465540 09:36:33 8656 Level200 -- 本BULink(1)GID=UGIN停止工作!
175465540 09:36:33 8656 Level200 -- 本BULink(0)GID=UGFTS停止工作!
175525180 09:37:33 8656 Level1122 -- BULink[0] use MQ Mode!
175525180 09:37:33 8656 Level200 -- BULink(0)连接成功,作为UGFTS,开始正式工作!
175525211 09:37:33 8656 Level1122 -- BULink[1] use MQ Mode!
175525211 09:37:33 8656 Level200 -- BULink(1)连接成功,作为UGIN,开始正式工作!
175610668 09:38:58 8656 Level200 -- 本BULink(0)GID=UGFTS停止工作!
175611230 09:38:59 8656 Level200 -- 本BULink(1)GID=UGIN停止工作!
175614225 09:39:02 8656 Level1122 -- BULink[0] use MQ Mode!
175614225 09:39:02 8656 Level200 -- BULink(0)连接成功,作为UGFTS,开始正式工作!
175614272 09:39:02 8656 Level1122 -- BULink[1] use MQ Mode!
175614272 09:39:02 8656 Level200 -- BULink(1)连接成功,作为UGIN,开始正式工作!
175972388 09:45:00 8656 Level1588 -- PM1 received, length=335 from SNO:1
175972388 09:45:00 8656 Level7100 -- BU0-GID1 11600 REQ=411701 f=1 n=0 user=0 len=335 ht=0 SendMsg=0 addr:000.000.000.000(000.000) sno=1
175975945 09:45:04 8656 Level7200 -- BU0-GID1 11600 ASW=411701 user=0 retcode=0 len=0 cost 3557ms addr:000.000.000.000(000.000)
176011622 09:45:39 8656 Level410 -- 组推送线程0读取到一个待处理任务(R1:S0,D0,F5810,'1')
176011622 09:45:39 8656 Level121 -- (1318383939)Cli与通讯平台0成功建立连接！
176011622 09:45:39 8656 Level410 -- GPT0:100从sno0成功向(0:5810)推送了长度为428的数据(p1,lR1)
176011638 09:45:39 8656 Level411 -- GPT0成功推送数据1(R1)->(0:5810)
176011638 09:45:39 8656 Level842 -- GPT:从节点(172.28.120.205:3000:100)接收到来自目标点(0:5810)长度为130的对R1推送的确认包!
176123131 09:47:31 8656 Level1588 -- PM1 received, length=335 from SNO:1
176123131 09:47:31 8656 Level7100 -- BU0-GID1 11600 REQ=411701 f=1 n=0 user=0 len=335 ht=0 SendMsg=0 addr:000.000.000.000(000.000) sno=1
176126563 09:47:34 8656 Level7200 -- BU0-GID1 11600 ASW=411701 user=0 retcode=0 len=0 cost 3432ms addr:000.000.000.000(000.000)
176126673 09:47:34 8656 Level410 -- 组推送线程0读取到一个待处理任务(R2:S0,D0,F5810,'1')
176126673 09:47:34 8656 Level410 -- GPT0:100从sno0成功向(0:5810)推送了长度为423的数据(p1,lR2)
176126673 09:47:34 8656 Level411 -- GPT0成功推送数据1(R2)->(0:5810)
176126688 09:47:34 8656 Level842 -- GPT:从节点(172.28.120.205:3000:100)接收到来自目标点(0:5810)长度为130的对R2推送的确认包!
176259539 09:49:47 8656 Level200 -- 本BULink(0)GID=UGFTS停止工作!
176259539 09:49:47 8656 Level200 -- 本BULink(1)GID=UGIN停止工作!
176270147 09:49:58 8656 Level1122 -- BULink[0] use MQ Mode!
176270147 09:49:58 8656 Level200 -- BULink(0)连接成功,作为UGFTS,开始正式工作!
176270240 09:49:58 8656 Level1122 -- BULink[1] use MQ Mode!
176270240 09:49:58 8656 Level200 -- BULink(1)连接成功,作为UGIN,开始正式工作!
176270474 09:49:58 8656 Level410 -- 组推送线程0读取到一个待处理任务(R3:S0,D0,F5810,'1')
176270490 09:49:58 8656 Level410 -- GPT0:100从sno0成功向(0:5810)推送了长度为433的数据(p1,lR3)
176270490 09:49:58 8656 Level411 -- GPT0成功推送数据1(R3)->(0:5810)
176270490 09:49:58 8656 Level842 -- GPT:从节点(172.28.120.205:3000:100)接收到来自目标点(0:5810)长度为130的对R3推送的确认包!
176270615 09:49:58 8656 Level410 -- 组推送线程0读取到一个待处理任务(R4:S0,D0,F5810,'1')
176270615 09:49:58 8656 Level121 -- (1318384198)Cli与通讯平台1成功建立连接！
176270615 09:49:58 8656 Level410 -- GPT0:100从sno1成功向(0:5810)推送了长度为433的数据(p1,lR4)
176270615 09:49:58 8656 Level411 -- GPT0成功推送数据1(R4)->(0:5810)
176270646 09:49:58 8656 Level842 -- GPT:从节点(172.28.120.205:3010:100)接收到来自目标点(0:5810)长度为130的对R4推送的确认包!
176570464 09:54:58 8656 Level8401 -- 节点(172.28.120.205:3000)接收推送确认时出错:本连接出错，系统自动关闭了连接!
176570605 09:54:58 8656 Level8401 -- 节点(172.28.120.205:3010)接收推送确认时出错:本连接出错，系统自动关闭了连接!
178795007 10:32:03 8656 Level200 -- 本BULink(1)GID=UGIN停止工作!
178795007 10:32:03 8656 Level200 -- 本BULink(0)GID=UGFTS停止工作!
178806988 10:32:15 8656 Level1122 -- BULink[0] use MQ Mode!
178806988 10:32:15 8656 Level200 -- BULink(0)连接成功,作为UGFTS,开始正式工作!
178807004 10:32:15 8656 Level1122 -- BULink[1] use MQ Mode!
178807004 10:32:15 8656 Level200 -- BULink(1)连接成功,作为UGIN,开始正式工作!
178807097 10:32:15 8656 Level410 -- 组推送线程0读取到一个待处理任务(R5:S0,D0,F5810,'1')
178807097 10:32:15 8656 Level121 -- (1318386735)Cli与通讯平台0成功建立连接！
178807097 10:32:15 8656 Level410 -- GPT0:100从sno0成功向(0:5810)推送了长度为359的数据(p1,lR5)
178807097 10:32:15 8656 Level411 -- GPT0成功推送数据1(R5)->(0:5810)
178807097 10:32:15 8656 Level842 -- GPT:从节点(172.28.120.205:3000:100)接收到来自目标点(0:5810)长度为130的对R5推送的确认包!
178888436 10:33:36 8656 Level1588 -- PM1 received, length=335 from SNO:1
178888436 10:33:36 8656 Level7100 -- BU0-GID1 10372 REQ=411701 f=1 n=0 user=0 len=335 ht=0 SendMsg=0 addr:000.000.000.000(000.000) sno=1
178888436 10:33:36 8656 Level7200 -- BU0-GID1 10372 ASW=411701 user=0 retcode=0 len=0 cost 0ms addr:000.000.000.000(000.000)
178888546 10:33:36 8656 Level410 -- 组推送线程0读取到一个待处理任务(R6:S0,D0,F5810,'1')
178888561 10:33:36 8656 Level410 -- GPT0:100从sno0成功向(0:5810)推送了长度为360的数据(p1,lR6)
178888561 10:33:36 8656 Level411 -- GPT0成功推送数据1(R6)->(0:5810)
178888577 10:33:36 8656 Level842 -- GPT:从节点(172.28.120.205:3000:100)接收到来自目标点(0:5810)长度为130的对R6推送的确认包!
179188551 10:38:36 8656 Level8401 -- 节点(172.28.120.205:3000)接收推送确认时出错:本连接出错，系统自动关闭了连接!
179802696 10:48:50 8656 Level200 -- 本BULink(1)GID=UGIN停止工作!
179802805 10:48:51 8656 Level200 -- 本BULink(0)GID=UGFTS停止工作!
181574867 11:18:23 8656 Level1122 -- BULink[0] use MQ Mode!
181574867 11:18:23 8656 Level200 -- BULink(0)连接成功,作为UGFTS,开始正式工作!
181574898 11:18:23 8656 Level1122 -- BULink[1] use MQ Mode!
181574898 11:18:23 8656 Level200 -- BULink(1)连接成功,作为UGIN,开始正式工作!
182019969 11:25:48 8656 Level410 -- 组推送线程0读取到一个待处理任务(R7:S0,D0,F5810,'1')
182019969 11:25:48 8656 Level121 -- (1318389948)Cli与通讯平台0成功建立连接！
182019969 11:25:48 8656 Level410 -- GPT0:100从sno0成功向(0:5810)推送了长度为337的数据(p1,lR7)
182019969 11:25:48 8656 Level411 -- GPT0成功推送数据1(R7)->(0:5810)
182019985 11:25:48 8656 Level842 -- GPT:从节点(172.28.120.205:3000:100)接收到来自目标点(0:5810)长度为130的对R7推送的确认包!
182319959 11:30:48 8656 Level8401 -- 节点(172.28.120.205:3000)接收推送确认时出错:本连接出错，系统自动关闭了连接!
188301396 13:10:29 8656 Level410 -- 组推送线程0读取到一个待处理任务(R8:S0,D0,F5810,'1')
188301396 13:10:29 8656 Level121 -- (1318396229)Cli与通讯平台0成功建立连接！
188301396 13:10:29 8656 Level410 -- GPT0:100从sno0成功向(0:5810)推送了长度为358的数据(p1,lR8)
188301396 13:10:29 8656 Level411 -- GPT0成功推送数据1(R8)->(0:5810)
188301412 13:10:29 8656 Level842 -- GPT:从节点(172.28.120.205:3000:100)接收到来自目标点(0:5810)长度为130的对R8推送的确认包!
188305515 13:10:33 8656 Level410 -- 组推送线程0读取到一个待处理任务(R9:S0,D0,F5810,'1')
188305530 13:10:33 8656 Level121 -- (1318396233)Cli与通讯平台1成功建立连接！
188305530 13:10:33 8656 Level410 -- GPT0:100从sno1成功向(0:5810)推送了长度为337的数据(p1,lR9)
188305530 13:10:33 8656 Level411 -- GPT0成功推送数据1(R9)->(0:5810)
188305562 13:10:33 8656 Level842 -- GPT:从节点(172.28.120.205:3010:100)接收到来自目标点(0:5810)长度为130的对R9推送的确认包!
188349554 13:11:17 8656 Level200 -- 本BULink(0)GID=UGFTS停止工作!
188349647 13:11:18 8656 Level200 -- 本BULink(1)GID=UGIN停止工作!
188352955 13:11:21 8656 Level1122 -- BULink[0] use MQ Mode!
188352955 13:11:21 8656 Level200 -- BULink(0)连接成功,作为UGFTS,开始正式工作!
188353048 13:11:21 8656 Level1122 -- BULink[1] use MQ Mode!
188353048 13:11:21 8656 Level200 -- BULink(1)连接成功,作为UGIN,开始正式工作!
188353204 13:11:21 8656 Level410 -- 组推送线程0读取到一个待处理任务(R10:S0,D0,F5810,'1')
188353220 13:11:21 8656 Level410 -- GPT0:100从sno0成功向(0:5810)推送了长度为337的数据(p1,lR10)
188353220 13:11:21 8656 Level411 -- GPT0成功推送数据1(R10)->(0:5810)
188353235 13:11:21 8656 Level842 -- GPT:从节点(172.28.120.205:3000:100)接收到来自目标点(0:5810)长度为130的对R10推送的确认包!
188353313 13:11:21 8656 Level410 -- 组推送线程0读取到一个待处理任务(R11:S0,D0,F5810,'1')
188353345 13:11:21 8656 Level410 -- GPT0:100从sno1成功向(0:5810)推送了长度为337的数据(p1,lR11)
188353345 13:11:21 8656 Level411 -- GPT0成功推送数据1(R11)->(0:5810)
188353345 13:11:21 8656 Level410 -- 组推送线程0读取到一个待处理任务(R12:S0,D0,F5810,'1')
188353360 13:11:21 8656 Level842 -- GPT:从节点(172.28.120.205:3010:100)接收到来自目标点(0:5810)长度为130的对R11推送的确认包!
188353423 13:11:21 8656 Level410 -- GPT0:100从sno0成功向(0:5810)推送了长度为337的数据(p1,lR12)
188353423 13:11:21 8656 Level411 -- GPT0成功推送数据1(R12)->(0:5810)
188353438 13:11:21 8656 Level842 -- GPT:从节点(172.28.120.205:3000:100)接收到来自目标点(0:5810)长度为130的对R12推送的确认包!
188479269 13:13:27 8656 Level200 -- 本BULink(0)GID=UGFTS停止工作!
188479393 13:13:27 8656 Level200 -- 本BULink(1)GID=UGIN停止工作!
188653335 13:16:21 8656 Level8401 -- 节点(172.28.120.205:3010)接收推送确认时出错:本连接出错，系统自动关闭了连接!
188653413 13:16:21 8656 Level8401 -- 节点(172.28.120.205:3000)接收推送确认时出错:本连接出错，系统自动关闭了连接!
198001710 15:52:10 8656 Level1122 -- BULink[0] use MQ Mode!
198001710 15:52:10 8656 Level200 -- BULink(0)连接成功,作为UGFTS,开始正式工作!
198001757 15:52:10 8656 Level1122 -- BULink[1] use MQ Mode!
198001757 15:52:10 8656 Level200 -- BULink(1)连接成功,作为UGIN,开始正式工作!
198001944 15:52:10 8656 Level410 -- 组推送线程0读取到一个待处理任务(R13:S0,D0,F5810,'1')
198001944 15:52:10 8656 Level121 -- (1318405930)Cli与通讯平台0成功建立连接！
198001944 15:52:10 8656 Level410 -- GPT0:100从sno0成功向(0:5810)推送了长度为343的数据(p1,lR13)
198001944 15:52:10 8656 Level411 -- GPT0成功推送数据1(R13)->(0:5810)
198001960 15:52:10 8656 Level842 -- GPT:从节点(172.28.120.205:3000:100)接收到来自目标点(0:5810)长度为130的对R13推送的确认包!
198002053 15:52:10 8656 Level410 -- 组推送线程0读取到一个待处理任务(R14:S0,D0,F5810,'1')
198002069 15:52:10 8656 Level121 -- (1318405930)Cli与通讯平台1成功建立连接！
198002069 15:52:10 8656 Level410 -- GPT0:100从sno1成功向(0:5810)推送了长度为343的数据(p1,lR14)
198002069 15:52:10 8656 Level411 -- GPT0成功推送数据1(R14)->(0:5810)
198002100 15:52:10 8656 Level842 -- GPT:从节点(172.28.120.205:3010:100)接收到来自目标点(0:5810)长度为130的对R14推送的确认包!
198002131 15:52:10 8656 Level410 -- 组推送线程0读取到一个待处理任务(R15:S0,D0,F5810,'1')
198002162 15:52:10 8656 Level410 -- GPT0:100从sno0成功向(0:5810)推送了长度为343的数据(p1,lR15)
198002162 15:52:10 8656 Level411 -- GPT0成功推送数据1(R15)->(0:5810)
198002178 15:52:10 8656 Level842 -- GPT:从节点(172.28.120.205:3000:100)接收到来自目标点(0:5810)长度为130的对R15推送的确认包!
198038573 15:52:47 8656 Level1588 -- PM1 received, length=335 from SNO:0
198038573 15:52:47 8656 Level7100 -- BU0-GID1 10928 REQ=411701 f=1 n=0 user=0 len=335 ht=0 SendMsg=0 addr:000.000.000.000(000.000) sno=0
198038573 15:52:47 8656 Level7200 -- BU0-GID1 10928 ASW=411701 user=0 retcode=0 len=0 cost 0ms addr:000.000.000.000(000.000)
198038651 15:52:47 8656 Level410 -- 组推送线程0读取到一个待处理任务(R16:S0,D0,F5810,'1')
198038682 15:52:47 8656 Level410 -- GPT0:100从sno1成功向(0:5810)推送了长度为343的数据(p1,lR16)
198038682 15:52:47 8656 Level411 -- GPT0成功推送数据1(R16)->(0:5810)
198038714 15:52:47 8656 Level842 -- GPT:从节点(172.28.120.205:3010:100)接收到来自目标点(0:5810)长度为130的对R16推送的确认包!
198302152 15:57:10 8656 Level8401 -- 节点(172.28.120.205:3000)接收推送确认时出错:本连接出错，系统自动关闭了连接!
198327409 15:57:36 8656 Level200 -- 本BULink(0)GID=UGFTS停止工作!
198327409 15:57:36 8656 Level200 -- 本BULink(1)GID=UGIN停止工作!
198337502 15:57:46 8656 Level1122 -- BULink[0] use MQ Mode!
198337502 15:57:46 8656 Level200 -- BULink(0)连接成功,作为UGFTS,开始正式工作!
198337533 15:57:46 8656 Level1122 -- BULink[1] use MQ Mode!
198337533 15:57:46 8656 Level200 -- BULink(1)连接成功,作为UGIN,开始正式工作!
198338688 15:57:47 8656 Level8401 -- 节点(172.28.120.205:3010)接收推送确认时出错:本连接出错，系统自动关闭了连接!
198363352 15:58:12 8656 Level200 -- 本BULink(1)GID=UGIN停止工作!
198363352 15:58:12 8656 Level200 -- 本BULink(0)GID=UGFTS停止工作!
198368983 15:58:17 8656 Level1122 -- BULink[0] use MQ Mode!
198368983 15:58:17 8656 Level200 -- BULink(0)连接成功,作为UGFTS,开始正式工作!
198369108 15:58:17 8656 Level1122 -- BULink[1] use MQ Mode!
198369108 15:58:17 8656 Level200 -- BULink(1)连接成功,作为UGIN,开始正式工作!
203847692 17:29:36 8656 Level200 -- 本BULink(0)GID=UGFTS停止工作!
203847692 17:29:36 8656 Level200 -- 本BULink(1)GID=UGIN停止工作!
203852606 17:29:41 8656 Level1122 -- BULink[0] use MQ Mode!
203852606 17:29:41 8656 Level200 -- BULink(0)连接成功,作为UGFTS,开始正式工作!
203852621 17:29:41 8656 Level1122 -- BULink[1] use MQ Mode!
203852621 17:29:41 8656 Level200 -- BULink(1)连接成功,作为UGIN,开始正式工作!
203869703 17:29:58 8656 Level200 -- 本BULink(1)GID=UGIN停止工作!
203869781 17:29:58 8656 Level200 -- 本BULink(0)GID=UGFTS停止工作!
203932775 17:31:01 8656 Level1122 -- BULink[0] use MQ Mode!
203932775 17:31:01 8656 Level200 -- BULink(0)连接成功,作为UGFTS,开始正式工作!
203932790 17:31:01 8656 Level1122 -- BULink[1] use MQ Mode!
203932790 17:31:01 8656 Level200 -- BULink(1)连接成功,作为UGIN,开始正式工作!
204262373 17:36:31 8656 Level200 -- 本BULink(0)GID=UGFTS停止工作!
204262420 17:36:31 8656 Level200 -- 本BULink(1)GID=UGIN停止工作!
