113275773 16:20:02 6632 Level0 -- INI:[COMMON] XCCHKUD=1
113275773 16:20:02 6632 Level0 -- INI:[COMMON] DRTPSENDWAIT=1000
113275773 16:20:02 6632 Level0 -- INI:[COMMON] CONNECTWAIT=1000
113275773 16:20:02 6632 Level0 -- INI:[COMMON] ODFILES=fbulog/*.log>d10;BUWDLOG/*.log>d10;forward/*.ksf>s180
113275773 16:20:02 6632 Level0 -- INI:[COMMON] PUSHFREE=1
113275773 16:20:02 6632 Level0 -- INI:[COMMON] DIRECTPM0=1
113275773 16:20:02 6632 Level0 -- INI:[COMMON] RECVPUSH=0
113275773 16:20:02 6632 Level0 -- INI:[COMMON] DEAMON=1
113275773 16:20:02 6632 Level0 -- INI:[COMMON] ID=1
113275773 16:20:02 6632 Level0 -- INI:[COMMON] BASEFUNCNO=5914
113275773 16:20:02 6632 Level0 -- INI:[COMMON] RDPPFILE=
113275773 16:20:02 6632 Level0 -- INI:[COMMON] RAXFILE=
113275773 16:20:02 6632 Level0 -- INI:[COMMON] BUSELECT=1
113275773 16:20:02 6632 Level0 -- INI:[COMMON] DEBUG=2
113275773 16:20:02 6632 Level0 -- INI:[COMMON] MAXANSLEN=8000
113275773 16:20:02 6632 Level0 -- INI:[COMMON] REQTIMEOUT=10000
113275773 16:20:02 6632 Level0 -- INI:[COMMON] SERVERCOUNT=1
113275773 16:20:02 6632 Level0 -- INI:[COMMON] SERVER1=172.28.120.205:3000:100
113275773 16:20:02 6632 Level0 -- INI:[COMMON] SVRMODE=1
113275773 16:20:02 6632 Level0 -- INI:[COMMON] PUSHFUNC=0:0:0
113275773 16:20:02 6632 Level0 -- INI:[COMMON] FORWARD_PATH=forward/
113275773 16:20:02 6632 Level0 -- INI:[COMMON] FORWARD_CLEAR=1800   
113275773 16:20:02 6632 Level0 -- INI:[COMMON] BCCADP=0
113275773 16:20:02 6632 Level0 -- INI:[COMMON] PUSHSUPPORT=1
113275773 16:20:02 6632 Level0 -- INI:[COMMON] MULTIPUSH=4096
113275773 16:20:02 6632 Level0 -- INI:[COMMON] PFSWITCH=1
113275773 16:20:02 6632 Level0 -- INI:[COMMON] PATIME=8
113275773 16:20:02 6632 Level0 -- INI:[COMMON] PUSHDBFS_PATH=
113275773 16:20:02 6632 Level0 -- INI:[COMMON] STATUS_PATH=
113275773 16:20:02 6632 Level0 -- INI:[COMMON] MAXPDFLEN=2048000000  
113275773 16:20:02 6632 Level0 -- INI:[COMMON] KLGPATH=klg
113275789 16:20:02 6632 Level0 -- INI:[COMMON] LOGOVERDUE=3
113275789 16:20:02 6632 Level0 -- INI:[COMMON] TOTALSHMLEN=100
113275789 16:20:02 6632 Level0 -- INI:[COMMON] BUPORT=6664
113275789 16:20:02 6632 Level0 -- INI:[COMMON] LOGSHOW=1
113275789 16:20:02 6632 Level0 -- INI:[COMMON] MONITOR0=900800
113275789 16:20:02 6632 Level0 -- INI:[COMMON] FREETIME=1000
113275789 16:20:02 6632 Level0 -- INI:[COMMON] FUNCSTAT=2
113275789 16:20:02 6632 Level0 -- INI:[COMMON] DRTPGROUP=1
113275789 16:20:02 6632 Level0 -- INI:[COMMON] MQNAME=.\bccmq
113275789 16:20:02 6632 Level0 -- INI:[COMMON] BEGIN=UGIN
113275789 16:20:02 6632 Level0 -- INI:[UGIN] UNITS=4
113275789 16:20:02 6632 Level0 -- INI:[UGIN] REQTIMEOUT=10000
113275789 16:20:02 6632 Level0 -- INI:[UGIN] STARTPROG=
113275789 16:20:02 6632 Level0 -- INI:[UGIN] BEGINSTART=0
113275789 16:20:02 6632 Level0 -- INI:[UGIN] MAXRUNTIME=0
113275789 16:20:02 6632 Level0 -- INI:[UGIN] NOVBUWARN=0
113275789 16:20:02 6632 Level0 -- INI:[UGIN] WAITTIME=10
113275789 16:20:02 6632 Level0 -- INI:[UGIN] WRITEAPPINFO=1
113275789 16:20:02 6632 Level0 -- INI:[UGIN] FIFOPROC1=0
113275789 16:20:02 6632 Level0 -- INI:[UGIN] FIFOPROC2=0
113275789 16:20:02 6632 Level0 -- INI:[UGIN] FIFOPROC3=0
113275789 16:20:02 6632 Level0 -- INI:[UGIN] PROG=
113275789 16:20:02 6632 Level0 -- INI:[UGIN] PATH=
113275789 16:20:02 6632 Level0 -- INI:[UGIN] ARGV=
113275789 16:20:02 6632 Level0 -- INI:[UGIN] BDFILE=
113275789 16:20:02 6632 Level0 -- INI:[UGIN] DISABLE=
113275789 16:20:02 6632 Level0 -- INI:[UGIN] NEXT=CYHFTS
113275789 16:20:02 6632 Level0 -- INI:[CYHFTS] UNITS=1
113275789 16:20:02 6632 Level0 -- INI:[CYHFTS] REQTIMEOUT=10000
113275789 16:20:02 6632 Level0 -- INI:[CYHFTS] STARTPROG=
113275789 16:20:02 6632 Level0 -- INI:[CYHFTS] BEGINSTART=0
113275789 16:20:02 6632 Level0 -- INI:[CYHFTS] MAXRUNTIME=0
113275789 16:20:02 6632 Level0 -- INI:[CYHFTS] NOVBUWARN=0
113275789 16:20:02 6632 Level0 -- INI:[CYHFTS] WAITTIME=10
113275789 16:20:02 6632 Level0 -- INI:[CYHFTS] WRITEAPPINFO=0
113275789 16:20:02 6632 Level0 -- INI:[CYHFTS] FIFOPROC1=1
113275789 16:20:02 6632 Level0 -- INI:[CYHFTS] FIFOPROC2=0
113275789 16:20:02 6632 Level0 -- INI:[CYHFTS] FIFOPROC3=0
113275789 16:20:02 6632 Level0 -- INI:[CYHFTS] PROG=
113275789 16:20:02 6632 Level0 -- INI:[CYHFTS] PATH=
113275789 16:20:02 6632 Level0 -- INI:[CYHFTS] ARGV=
113275789 16:20:02 6632 Level0 -- INI:[CYHFTS] BDFILE=fixfunc.lst
113275789 16:20:02 6632 Level0 -- INI:[CYHFTS] DISABLE=
113275789 16:20:02 6632 Level0 -- INI:[CYHFTS] NEXT=END
113275789 16:20:02 6632 Level0 -- INI:[COMMON] DEFAULT=
113275789 16:20:02 6632 Level0 -- INI:[COMMON] FLOGFILE=flog.txt
113275789 16:20:02 6632 Level0 -- INI:[COMMON] DYNASERVICE=:0:-1
113275835 16:20:02 6632 Level41 -- GPT0(通讯平台组BranchNo=100)启动!
113275835 16:20:02 6632 Level1 -- KSMBCC-IPC Version 2.99 Copyright 2003-2010 KS ChenYH, On 2011-06-08 14:49:58 - 系统开始启动!
113276849 16:20:03 6632 Level120 -- (1318321203)SVR与通讯平台0成功建立连接！
113405894 16:22:12 6632 Level801 -- (172.28.120.205:3000)应用接收错误(-3):DRTP error @ receiving:10038:Socket operation on nonsocket. 
113405894 16:22:12 6632 Level100 -- DRTPRecvThread[0]退出!
113405894 16:22:12 6632 Level100 -- BUListenThread退出!
113405894 16:22:12 6632 Level0 -- KSMBCC-IPC Version 2.99 Copyright 2003-2010 KS ChenYH, On 2011-06-08 14:49:58 - 系统正常退出!
113405909 16:22:12 6632 Level46 -- GPT0(通讯平台组BranchNo=100)正常退出!
113405925 16:22:12 6632 Level101 -- ForwardThread[0] Exit!
113405925 16:22:12 6632 Level100 -- KSMBCC-ForwardThread Exit!
113426517 16:22:33 8968 Level0 -- INI:[COMMON] XCCHKUD=1
113426517 16:22:33 8968 Level0 -- INI:[COMMON] DRTPSENDWAIT=1000
113426517 16:22:33 8968 Level0 -- INI:[COMMON] CONNECTWAIT=1000
113426517 16:22:33 8968 Level0 -- INI:[COMMON] ODFILES=fbulog/*.log>d10;BUWDLOG/*.log>d10;forward/*.ksf>s180
113426517 16:22:33 8968 Level0 -- INI:[COMMON] PUSHFREE=1
113426517 16:22:33 8968 Level0 -- INI:[COMMON] DIRECTPM0=1
113426517 16:22:33 8968 Level0 -- INI:[COMMON] RECVPUSH=0
113426517 16:22:33 8968 Level0 -- INI:[COMMON] DEAMON=1
113426517 16:22:33 8968 Level0 -- INI:[COMMON] ID=1
113426517 16:22:33 8968 Level0 -- INI:[COMMON] BASEFUNCNO=5914
113426517 16:22:33 8968 Level0 -- INI:[COMMON] RDPPFILE=
113426517 16:22:33 8968 Level0 -- INI:[COMMON] RAXFILE=
113426517 16:22:33 8968 Level0 -- INI:[COMMON] BUSELECT=1
113426517 16:22:33 8968 Level0 -- INI:[COMMON] DEBUG=2
113426517 16:22:33 8968 Level0 -- INI:[COMMON] MAXANSLEN=8000
113426517 16:22:33 8968 Level0 -- INI:[COMMON] REQTIMEOUT=10000
113426517 16:22:33 8968 Level0 -- INI:[COMMON] SERVERCOUNT=1
113426517 16:22:33 8968 Level0 -- INI:[COMMON] SERVER1=172.28.120.205:3000:100
113426517 16:22:33 8968 Level0 -- INI:[COMMON] SVRMODE=1
113426517 16:22:33 8968 Level0 -- INI:[COMMON] PUSHFUNC=0:0:0
113426517 16:22:33 8968 Level0 -- INI:[COMMON] FORWARD_PATH=forward/
113426517 16:22:33 8968 Level0 -- INI:[COMMON] FORWARD_CLEAR=1800   
113426517 16:22:33 8968 Level0 -- INI:[COMMON] BCCADP=0
113426517 16:22:33 8968 Level0 -- INI:[COMMON] PUSHSUPPORT=1
113426517 16:22:33 8968 Level0 -- INI:[COMMON] MULTIPUSH=4096
113426517 16:22:33 8968 Level0 -- INI:[COMMON] PFSWITCH=1
113426517 16:22:33 8968 Level0 -- INI:[COMMON] PATIME=8
113426517 16:22:33 8968 Level0 -- INI:[COMMON] PUSHDBFS_PATH=
113426517 16:22:33 8968 Level0 -- INI:[COMMON] STATUS_PATH=
113426517 16:22:33 8968 Level0 -- INI:[COMMON] MAXPDFLEN=2048000000  
113426517 16:22:33 8968 Level0 -- INI:[COMMON] KLGPATH=klg
113426517 16:22:33 8968 Level0 -- INI:[COMMON] LOGOVERDUE=3
113426517 16:22:33 8968 Level0 -- INI:[COMMON] TOTALSHMLEN=100
113426517 16:22:33 8968 Level0 -- INI:[COMMON] BUPORT=6664
113426517 16:22:33 8968 Level0 -- INI:[COMMON] LOGSHOW=1
113426517 16:22:33 8968 Level0 -- INI:[COMMON] MONITOR0=900800
113426517 16:22:33 8968 Level0 -- INI:[COMMON] FREETIME=1000
113426517 16:22:33 8968 Level0 -- INI:[COMMON] FUNCSTAT=2
113426517 16:22:33 8968 Level0 -- INI:[COMMON] DRTPGROUP=1
113426517 16:22:33 8968 Level0 -- INI:[COMMON] MQNAME=.\bccmq
113426517 16:22:33 8968 Level0 -- INI:[COMMON] BEGIN=UGIN
113426517 16:22:33 8968 Level0 -- INI:[UGIN] UNITS=4
113426517 16:22:33 8968 Level0 -- INI:[UGIN] REQTIMEOUT=10000
113426517 16:22:33 8968 Level0 -- INI:[UGIN] STARTPROG=
113426517 16:22:33 8968 Level0 -- INI:[UGIN] BEGINSTART=0
113426517 16:22:33 8968 Level0 -- INI:[UGIN] MAXRUNTIME=0
113426517 16:22:33 8968 Level0 -- INI:[UGIN] NOVBUWARN=0
113426517 16:22:33 8968 Level0 -- INI:[UGIN] WAITTIME=10
113426517 16:22:33 8968 Level0 -- INI:[UGIN] WRITEAPPINFO=1
113426517 16:22:33 8968 Level0 -- INI:[UGIN] FIFOPROC1=0
113426517 16:22:33 8968 Level0 -- INI:[UGIN] FIFOPROC2=0
113426517 16:22:33 8968 Level0 -- INI:[UGIN] FIFOPROC3=0
113426517 16:22:33 8968 Level0 -- INI:[UGIN] PROG=
113426517 16:22:33 8968 Level0 -- INI:[UGIN] PATH=
113426517 16:22:33 8968 Level0 -- INI:[UGIN] ARGV=
113426517 16:22:33 8968 Level0 -- INI:[UGIN] BDFILE=
113426517 16:22:33 8968 Level0 -- INI:[UGIN] DISABLE=
113426517 16:22:33 8968 Level0 -- INI:[UGIN] NEXT=UGFTS
113426517 16:22:33 8968 Level0 -- INI:[UGFTS] UNITS=1
113426517 16:22:33 8968 Level0 -- INI:[UGFTS] REQTIMEOUT=10000
113426517 16:22:33 8968 Level0 -- INI:[UGFTS] STARTPROG=
113426517 16:22:33 8968 Level0 -- INI:[UGFTS] BEGINSTART=0
113426517 16:22:33 8968 Level0 -- INI:[UGFTS] MAXRUNTIME=0
113426517 16:22:33 8968 Level0 -- INI:[UGFTS] NOVBUWARN=0
113426517 16:22:33 8968 Level0 -- INI:[UGFTS] WAITTIME=10
113426517 16:22:33 8968 Level0 -- INI:[UGFTS] WRITEAPPINFO=0
113426517 16:22:33 8968 Level0 -- INI:[UGFTS] FIFOPROC1=1
113426517 16:22:33 8968 Level0 -- INI:[UGFTS] FIFOPROC2=0
113426517 16:22:33 8968 Level0 -- INI:[UGFTS] FIFOPROC3=0
113426517 16:22:33 8968 Level0 -- INI:[UGFTS] PROG=
113426517 16:22:33 8968 Level0 -- INI:[UGFTS] PATH=
113426517 16:22:33 8968 Level0 -- INI:[UGFTS] ARGV=
113426517 16:22:33 8968 Level0 -- INI:[UGFTS] BDFILE=fixfunc.lst
113426517 16:22:33 8968 Level0 -- INI:[UGFTS] DISABLE=
113426517 16:22:33 8968 Level0 -- INI:[UGFTS] NEXT=END
113426517 16:22:33 8968 Level0 -- INI:[COMMON] DEFAULT=
113426517 16:22:33 8968 Level0 -- INI:[COMMON] FLOGFILE=flog.txt
113426517 16:22:33 8968 Level0 -- INI:[COMMON] DYNASERVICE=:0:-1
113426564 16:22:33 8968 Level41 -- GPT0(通讯平台组BranchNo=100)启动!
113426564 16:22:33 8968 Level1 -- KSMBCC-IPC Version 2.99 Copyright 2003-2010 KS ChenYH, On 2011-06-08 14:49:58 - 系统开始启动!
113427562 16:22:34 8968 Level120 -- (1318321354)SVR与通讯平台0成功建立连接！
115481315 16:56:48 8968 Level1122 -- BULink[0] use MQ Mode!
115481315 16:56:48 8968 Level200 -- BULink(0)连接成功,作为UGFTS,开始正式工作!
115481315 16:56:48 8968 Level1122 -- BULink[1] use MQ Mode!
115481315 16:56:48 8968 Level200 -- BULink(1)连接成功,作为UGIN,开始正式工作!
116261024 17:09:47 8968 Level200 -- 本BULink(1)GID=UGIN停止工作!
116261320 17:09:48 8968 Level200 -- 本BULink(0)GID=UGFTS停止工作!
116583696 17:15:10 8968 Level1122 -- BULink[0] use MQ Mode!
116583696 17:15:10 8968 Level200 -- BULink(0)连接成功,作为UGFTS,开始正式工作!
116583790 17:15:10 8968 Level1122 -- BULink[1] use MQ Mode!
116583790 17:15:10 8968 Level200 -- BULink(1)连接成功,作为UGIN,开始正式工作!
119857845 18:09:44 8968 Level200 -- 本BULink(1)GID=UGIN停止工作!
119863461 18:09:50 8968 Level200 -- 本BULink(0)GID=UGFTS停止工作!
121203884 18:32:10 8968 Level46 -- GPT0(通讯平台组BranchNo=100)正常退出!
121203900 18:32:10 8968 Level100 -- BUListenThread退出!
121203931 18:32:10 8968 Level100 -- BULinkThread[1]退出!
121203931 18:32:10 8968 Level100 -- BULinkThread[0]退出!
121203931 18:32:10 8968 Level100 -- KSMBCC-ForwardThread Exit!
121203931 18:32:10 8968 Level100 -- DRTPRecvThread[0]退出!
121203947 18:32:10 8968 Level101 -- ForwardThread[0] Exit!
121203947 18:32:10 8968 Level0 -- KSMBCC-IPC Version 2.99 Copyright 2003-2010 KS ChenYH, On 2011-06-08 14:49:58 - 系统正常退出!
121361321 18:34:48 8656 Level0 -- INI:[COMMON] XCCHKUD=1
121361321 18:34:48 8656 Level0 -- INI:[COMMON] DRTPSENDWAIT=1000
121361321 18:34:48 8656 Level0 -- INI:[COMMON] CONNECTWAIT=1000
121361321 18:34:48 8656 Level0 -- INI:[COMMON] ODFILES=fbulog/*.log>d10;BUWDLOG/*.log>d10;forward/*.ksf>s180
121361321 18:34:48 8656 Level0 -- INI:[COMMON] PUSHFREE=1
121361321 18:34:48 8656 Level0 -- INI:[COMMON] DIRECTPM0=1
121361321 18:34:48 8656 Level0 -- INI:[COMMON] RECVPUSH=0
121361321 18:34:48 8656 Level0 -- INI:[COMMON] DEAMON=1
121361321 18:34:48 8656 Level0 -- INI:[COMMON] ID=1
121361321 18:34:48 8656 Level0 -- INI:[COMMON] BASEFUNCNO=5914
121361321 18:34:48 8656 Level0 -- INI:[COMMON] RDPPFILE=
121361321 18:34:48 8656 Level0 -- INI:[COMMON] RAXFILE=
121361321 18:34:48 8656 Level0 -- INI:[COMMON] BUSELECT=1
121361321 18:34:48 8656 Level0 -- INI:[COMMON] DEBUG=2
121361321 18:34:48 8656 Level0 -- INI:[COMMON] MAXANSLEN=8000
121361321 18:34:48 8656 Level0 -- INI:[COMMON] REQTIMEOUT=10000
121361321 18:34:48 8656 Level0 -- INI:[COMMON] SERVERCOUNT=2
121361321 18:34:48 8656 Level0 -- INI:[COMMON] SERVER1=172.28.120.205:3000:100
121361321 18:34:48 8656 Level0 -- INI:[COMMON] SERVER2=172.28.120.205:3010:100
121361321 18:34:48 8656 Level0 -- INI:[COMMON] SVRMODE=1
121361321 18:34:48 8656 Level0 -- INI:[COMMON] PUSHFUNC=0:0:0
121361321 18:34:48 8656 Level0 -- INI:[COMMON] FORWARD_PATH=forward/
121361321 18:34:48 8656 Level0 -- INI:[COMMON] FORWARD_CLEAR=1800   
121361321 18:34:48 8656 Level0 -- INI:[COMMON] BCCADP=0
121361321 18:34:48 8656 Level0 -- INI:[COMMON] PUSHSUPPORT=1
121361321 18:34:48 8656 Level0 -- INI:[COMMON] MULTIPUSH=4096
121361321 18:34:48 8656 Level0 -- INI:[COMMON] PFSWITCH=1
121361321 18:34:48 8656 Level0 -- INI:[COMMON] PATIME=8
121361321 18:34:48 8656 Level0 -- INI:[COMMON] PUSHDBFS_PATH=
121361321 18:34:48 8656 Level0 -- INI:[COMMON] STATUS_PATH=
121361321 18:34:48 8656 Level0 -- INI:[COMMON] MAXPDFLEN=2048000000  
121361321 18:34:48 8656 Level0 -- INI:[COMMON] KLGPATH=klg
121361336 18:34:48 8656 Level0 -- INI:[COMMON] LOGOVERDUE=3
121361336 18:34:48 8656 Level0 -- INI:[COMMON] TOTALSHMLEN=100
121361336 18:34:48 8656 Level0 -- INI:[COMMON] BUPORT=6664
121361336 18:34:48 8656 Level0 -- INI:[COMMON] LOGSHOW=1
121361336 18:34:48 8656 Level0 -- INI:[COMMON] MONITOR0=900800
121361336 18:34:48 8656 Level0 -- INI:[COMMON] FREETIME=1000
121361336 18:34:48 8656 Level0 -- INI:[COMMON] FUNCSTAT=2
121361336 18:34:48 8656 Level0 -- INI:[COMMON] DRTPGROUP=1
121361336 18:34:48 8656 Level0 -- INI:[COMMON] MQNAME=.\bccmq
121361336 18:34:48 8656 Level0 -- INI:[COMMON] BEGIN=UGIN
121361336 18:34:48 8656 Level0 -- INI:[UGIN] UNITS=4
121361336 18:34:48 8656 Level0 -- INI:[UGIN] REQTIMEOUT=10000
121361336 18:34:48 8656 Level0 -- INI:[UGIN] STARTPROG=
121361336 18:34:48 8656 Level0 -- INI:[UGIN] BEGINSTART=0
121361336 18:34:48 8656 Level0 -- INI:[UGIN] MAXRUNTIME=0
121361336 18:34:48 8656 Level0 -- INI:[UGIN] NOVBUWARN=0
121361336 18:34:48 8656 Level0 -- INI:[UGIN] WAITTIME=10
121361336 18:34:48 8656 Level0 -- INI:[UGIN] WRITEAPPINFO=1
121361336 18:34:48 8656 Level0 -- INI:[UGIN] FIFOPROC1=0
121361336 18:34:48 8656 Level0 -- INI:[UGIN] FIFOPROC2=0
121361336 18:34:48 8656 Level0 -- INI:[UGIN] FIFOPROC3=0
121361336 18:34:48 8656 Level0 -- INI:[UGIN] PROG=
121361336 18:34:48 8656 Level0 -- INI:[UGIN] PATH=
121361336 18:34:48 8656 Level0 -- INI:[UGIN] ARGV=
121361336 18:34:48 8656 Level0 -- INI:[UGIN] BDFILE=
121361336 18:34:48 8656 Level0 -- INI:[UGIN] DISABLE=
121361336 18:34:48 8656 Level0 -- INI:[UGIN] NEXT=UGFTS
121361336 18:34:48 8656 Level0 -- INI:[UGFTS] UNITS=1
121361336 18:34:48 8656 Level0 -- INI:[UGFTS] REQTIMEOUT=10000
121361336 18:34:48 8656 Level0 -- INI:[UGFTS] STARTPROG=
121361336 18:34:48 8656 Level0 -- INI:[UGFTS] BEGINSTART=0
121361336 18:34:48 8656 Level0 -- INI:[UGFTS] MAXRUNTIME=0
121361336 18:34:48 8656 Level0 -- INI:[UGFTS] NOVBUWARN=0
121361336 18:34:48 8656 Level0 -- INI:[UGFTS] WAITTIME=10
121361336 18:34:48 8656 Level0 -- INI:[UGFTS] WRITEAPPINFO=0
121361336 18:34:48 8656 Level0 -- INI:[UGFTS] FIFOPROC1=1
121361336 18:34:48 8656 Level0 -- INI:[UGFTS] FIFOPROC2=0
121361336 18:34:48 8656 Level0 -- INI:[UGFTS] FIFOPROC3=0
121361336 18:34:48 8656 Level0 -- INI:[UGFTS] PROG=
121361336 18:34:48 8656 Level0 -- INI:[UGFTS] PATH=
121361336 18:34:48 8656 Level0 -- INI:[UGFTS] ARGV=
121361336 18:34:48 8656 Level0 -- INI:[UGFTS] BDFILE=fixfunc.lst
121361336 18:34:48 8656 Level0 -- INI:[UGFTS] DISABLE=
121361336 18:34:48 8656 Level0 -- INI:[UGFTS] NEXT=END
121361336 18:34:48 8656 Level0 -- INI:[COMMON] DEFAULT=
121361336 18:34:48 8656 Level0 -- INI:[COMMON] FLOGFILE=flog.txt
121361336 18:34:48 8656 Level0 -- INI:[COMMON] DYNASERVICE=:0:-1
121361383 18:34:48 8656 Level41 -- GPT0(通讯平台组BranchNo=100)启动!
121361383 18:34:48 8656 Level1 -- KSMBCC-IPC Version 2.99 Copyright 2003-2010 KS ChenYH, On 2011-06-08 14:49:58 - 系统开始启动!
121362397 18:34:49 8656 Level120 -- (1318329289)SVR与通讯平台0成功建立连接！
121362397 18:34:49 8656 Level120 -- (1318329289)SVR与通讯平台1成功建立连接！
121388121 18:35:15 8656 Level1122 -- BULink[0] use MQ Mode!
121388121 18:35:15 8656 Level200 -- BULink(0)连接成功,作为UGFTS,开始正式工作!
121388137 18:35:15 8656 Level1122 -- BULink[1] use MQ Mode!
121388137 18:35:15 8656 Level200 -- BULink(1)连接成功,作为UGIN,开始正式工作!
121673697 18:40:00 8656 Level1588 -- PM1 received, length=352 from SNO:0
121673697 18:40:00 8656 Level7100 -- BU0-GID1 9100 REQ=411701 f=1 n=0 user=0 len=352 ht=0 SendMsg=0 addr:000.000.000.000(000.000) sno=0
121679453 18:40:06 8656 Level7200 -- BU0-GID1 9100 ASW=411701 user=0 retcode=0 len=0 cost 5756ms addr:000.000.000.000(000.000)
121761479 18:41:28 8656 Level1588 -- PM1 received, length=352 from SNO:1
121761479 18:41:28 8656 Level7100 -- BU0-GID1 9100 REQ=411701 f=1 n=0 user=0 len=352 ht=0 SendMsg=0 addr:000.000.000.000(000.000) sno=1
121774052 18:41:41 8656 Level7200 -- BU0-GID1 9100 ASW=411701 user=0 retcode=0 len=0 cost 12573ms addr:000.000.000.000(000.000)
121800073 18:42:07 8656 Level200 -- 本BULink(0)GID=UGFTS停止工作!
121800276 18:42:07 8656 Level200 -- 本BULink(1)GID=UGIN停止工作!
121917402 18:44:04 8656 Level1122 -- BULink[0] use MQ Mode!
121917402 18:44:04 8656 Level200 -- BULink(0)连接成功,作为UGFTS,开始正式工作!
121917417 18:44:04 8656 Level1122 -- BULink[1] use MQ Mode!
121917417 18:44:04 8656 Level200 -- BULink(1)连接成功,作为UGIN,开始正式工作!
122009801 18:45:36 8656 Level410 -- 组推送线程0读取到一个待处理任务(R1:S0,D0,F5810,'1')
122009801 18:45:36 8656 Level121 -- (1318329936)Cli与通讯平台0成功建立连接！
122009801 18:45:36 8656 Level410 -- GPT0:100从sno0成功向(0:5810)推送了长度为438的数据(p1,lR1)
122009801 18:45:36 8656 Level411 -- GPT0成功推送数据1(R1)->(0:5810)
122009832 18:45:36 8656 Level842 -- GPT:从节点(172.28.120.205:3000:100)接收到来自目标点(0:5810)长度为130的对R1推送的确认包!
122016681 18:45:43 8656 Level410 -- 组推送线程0读取到一个待处理任务(R2:S0,D0,F5810,'1')
122016696 18:45:43 8656 Level410 -- GPT0:100从sno0成功向(0:5810)推送了长度为438的数据(p1,lR2)
122016696 18:45:43 8656 Level411 -- GPT0成功推送数据1(R2)->(0:5810)
122016712 18:45:43 8656 Level842 -- GPT:从节点(172.28.120.205:3000:100)接收到来自目标点(0:5810)长度为130的对R2推送的确认包!
122316655 18:50:43 8656 Level8401 -- 节点(172.28.120.205:3000)接收推送确认时出错:本连接出错，系统自动关闭了连接!
122650560 18:56:17 8656 Level200 -- 本BULink(0)GID=UGFTS停止工作!
122650560 18:56:17 8656 Level200 -- 本BULink(1)GID=UGIN停止工作!
122662852 18:56:29 8656 Level1122 -- BULink[0] use MQ Mode!
122662852 18:56:29 8656 Level200 -- BULink(0)连接成功,作为UGFTS,开始正式工作!
122662946 18:56:29 8656 Level1122 -- BULink[1] use MQ Mode!
122662946 18:56:29 8656 Level200 -- BULink(1)连接成功,作为UGIN,开始正式工作!
122679295 18:56:46 8656 Level410 -- 组推送线程0读取到一个待处理任务(R3:S0,D0,F5810,'1')
122679295 18:56:46 8656 Level121 -- (1318330606)Cli与通讯平台0成功建立连接！
122679295 18:56:46 8656 Level410 -- GPT0:100从sno0成功向(0:5810)推送了长度为437的数据(p1,lR3)
122679311 18:56:46 8656 Level411 -- GPT0成功推送数据1(R3)->(0:5810)
122679311 18:56:46 8656 Level842 -- GPT:从节点(172.28.120.205:3000:100)接收到来自目标点(0:5810)长度为130的对R3推送的确认包!
122797450 18:58:44 8656 Level410 -- 组推送线程0读取到一个待处理任务(R4:S0,D0,F5810,'1')
122797466 18:58:44 8656 Level410 -- GPT0:100从sno0成功向(0:5810)推送了长度为437的数据(p1,lR4)
122797466 18:58:44 8656 Level411 -- GPT0成功推送数据1(R4)->(0:5810)
122797481 18:58:44 8656 Level842 -- GPT:从节点(172.28.120.205:3000:100)接收到来自目标点(0:5810)长度为130的对R4推送的确认包!
123097440 19:03:44 8656 Level8401 -- 节点(172.28.120.205:3000)接收推送确认时出错:本连接出错，系统自动关闭了连接!
123218746 19:05:45 8656 Level200 -- 本BULink(0)GID=UGFTS停止工作!
123218746 19:05:45 8656 Level200 -- 本BULink(1)GID=UGIN停止工作!
123237701 19:06:04 8656 Level1122 -- BULink[0] use MQ Mode!
123237701 19:06:04 8656 Level200 -- BULink(0)连接成功,作为UGFTS,开始正式工作!
123237779 19:06:04 8656 Level1122 -- BULink[1] use MQ Mode!
123237779 19:06:04 8656 Level200 -- BULink(1)连接成功,作为UGIN,开始正式工作!
123241055 19:06:08 8656 Level410 -- 组推送线程0读取到一个待处理任务(R5:S0,D0,F5810,'1')
123241070 19:06:08 8656 Level121 -- (1318331168)Cli与通讯平台0成功建立连接！
123241070 19:06:08 8656 Level410 -- GPT0:100从sno0成功向(0:5810)推送了长度为437的数据(p1,lR5)
123241101 19:06:08 8656 Level411 -- GPT0成功推送数据1(R5)->(0:5810)
123241117 19:06:08 8656 Level842 -- GPT:从节点(172.28.120.205:3000:100)接收到来自目标点(0:5810)长度为130的对R5推送的确认包!
123242864 19:06:09 8656 Level410 -- 组推送线程0读取到一个待处理任务(R6:S0,D0,F5810,'1')
123242880 19:06:09 8656 Level121 -- (1318331169)Cli与通讯平台1成功建立连接！
123242880 19:06:09 8656 Level410 -- GPT0:100从sno1成功向(0:5810)推送了长度为437的数据(p1,lR6)
123242880 19:06:09 8656 Level411 -- GPT0成功推送数据1(R6)->(0:5810)
123242911 19:06:09 8656 Level842 -- GPT:从节点(172.28.120.205:3010:100)接收到来自目标点(0:5810)长度为130的对R6推送的确认包!
123541076 19:11:08 8656 Level8401 -- 节点(172.28.120.205:3000)接收推送确认时出错:本连接出错，系统自动关闭了连接!
123542885 19:11:09 8656 Level8401 -- 节点(172.28.120.205:3010)接收推送确认时出错:本连接出错，系统自动关闭了连接!
123664082 19:13:11 8656 Level200 -- 本BULink(1)GID=UGIN停止工作!
123664176 19:13:11 8656 Level200 -- 本BULink(0)GID=UGFTS停止工作!
