348715930 11:52:28 6372 Level1203 -- (1318823548)SVR与DRTP(1-172.28.120.205:3010)建立连接失败:不能与通讯平台服务器<172.28.120.205> 端口<3010>建立连接!！
348715930 11:52:28 6372 Level1203 -- (1318823548)SVR与DRTP(0-172.28.120.205:3000)建立连接失败:不能与通讯平台服务器<172.28.120.205> 端口<3000>建立连接!！
348719970 11:52:32 6372 Level1203 -- (1318823552)SVR与DRTP(1-172.28.120.205:3010)建立连接失败:不能与通讯平台服务器<172.28.120.205> 端口<3010>建立连接!！
348719970 11:52:32 6372 Level1203 -- (1318823552)SVR与DRTP(0-172.28.120.205:3000)建立连接失败:不能与通讯平台服务器<172.28.120.205> 端口<3000>建立连接!！
348721998 11:52:34 6372 Level120 -- (1318823554)SVR与通讯平台1成功建立连接！
348721998 11:52:34 6372 Level120 -- (1318823554)SVR与通讯平台0成功建立连接！
357255643 14:14:52 6372 Level46 -- GPT0(通讯平台组BranchNo=100)正常退出!
357255674 14:14:52 6372 Level100 -- KSMBCC-ForwardThread Exit!
357255674 14:14:52 6372 Level101 -- ForwardThread[1] Exit!
357255690 14:14:52 6372 Level100 -- BUListenThread退出!
357255705 14:14:52 6372 Level100 -- BULinkThread[0]退出!
357255705 14:14:52 6372 Level101 -- ForwardThread[0] Exit!
357255705 14:14:52 6372 Level100 -- BULinkThread[1]退出!
357255721 14:14:52 6372 Level0 -- KSMBCC-IPC Version 2.99 Copyright 2003-2010 KS ChenYH, On 2011-06-08 14:49:58 - 系统正常退出!
357255721 14:14:52 6372 Level801 -- (172.28.120.205:3010)应用接收错误(-3):DRTP error @ receiving:10038:Socket operation on nonsocket. 
357255721 14:14:52 6372 Level801 -- (172.28.120.205:3000)应用接收错误(-3):DRTP error @ receiving:10038:Socket operation on nonsocket. 
357255721 14:14:52 6372 Level100 -- DRTPRecvThread[1]退出!
357255721 14:14:52 6372 Level100 -- DRTPRecvThread[0]退出!
357374874 14:16:51 1868 Level0 -- INI:[COMMON] XCCHKUD=1
357374874 14:16:51 1868 Level0 -- INI:[COMMON] DRTPSENDWAIT=1000
357374890 14:16:51 1868 Level0 -- INI:[COMMON] CONNECTWAIT=1000
357374890 14:16:51 1868 Level0 -- INI:[COMMON] ODFILES=fbulog/*.log>d10;BUWDLOG/*.log>d10;forward/*.ksf>s180
357374890 14:16:51 1868 Level0 -- INI:[COMMON] PUSHFREE=1
357374890 14:16:51 1868 Level0 -- INI:[COMMON] DIRECTPM0=1
357374890 14:16:51 1868 Level0 -- INI:[COMMON] RECVPUSH=0
357374890 14:16:51 1868 Level0 -- INI:[COMMON] DEAMON=1
357374890 14:16:51 1868 Level0 -- INI:[COMMON] ID=1
357374890 14:16:51 1868 Level0 -- INI:[COMMON] BASEFUNCNO=5926
357374890 14:16:51 1868 Level0 -- INI:[COMMON] RDPPFILE=
357374890 14:16:51 1868 Level0 -- INI:[COMMON] RAXFILE=
357374890 14:16:51 1868 Level0 -- INI:[COMMON] BUSELECT=1
357374890 14:16:51 1868 Level0 -- INI:[COMMON] DEBUG=2
357374890 14:16:51 1868 Level0 -- INI:[COMMON] MAXANSLEN=8000
357374890 14:16:51 1868 Level0 -- INI:[COMMON] REQTIMEOUT=10000
357374890 14:16:51 1868 Level0 -- INI:[COMMON] SERVERCOUNT=2
357374890 14:16:51 1868 Level0 -- INI:[COMMON] SERVER1=172.28.120.205:3000:100
357374890 14:16:51 1868 Level0 -- INI:[COMMON] SERVER2=172.28.120.205:3010:100
357374890 14:16:51 1868 Level0 -- INI:[COMMON] SVRMODE=1
357374890 14:16:51 1868 Level0 -- INI:[COMMON] PUSHFUNC=0:0:0
357374890 14:16:51 1868 Level0 -- INI:[COMMON] FORWARD_PATH=forward/
357374890 14:16:51 1868 Level0 -- INI:[COMMON] FORWARD_CLEAR=1800   
357374890 14:16:51 1868 Level0 -- INI:[COMMON] BCCADP=0
357374890 14:16:51 1868 Level0 -- INI:[COMMON] PUSHSUPPORT=1
357374890 14:16:51 1868 Level0 -- INI:[COMMON] MULTIPUSH=4096
357374890 14:16:51 1868 Level0 -- INI:[COMMON] PFSWITCH=1
357374890 14:16:51 1868 Level0 -- INI:[COMMON] PATIME=8
357374890 14:16:51 1868 Level0 -- INI:[COMMON] PUSHDBFS_PATH=
357374890 14:16:51 1868 Level0 -- INI:[COMMON] STATUS_PATH=
357374890 14:16:51 1868 Level0 -- INI:[COMMON] MAXPDFLEN=2048000000  
357374890 14:16:51 1868 Level0 -- INI:[COMMON] KLGPATH=klg
357374890 14:16:51 1868 Level0 -- INI:[COMMON] LOGOVERDUE=3
357374890 14:16:51 1868 Level0 -- INI:[COMMON] TOTALSHMLEN=100
357374890 14:16:51 1868 Level0 -- INI:[COMMON] BUPORT=6664
357374890 14:16:51 1868 Level0 -- INI:[COMMON] LOGSHOW=1
357374890 14:16:51 1868 Level0 -- INI:[COMMON] MONITOR0=900800
357374890 14:16:51 1868 Level0 -- INI:[COMMON] FREETIME=1000
357374890 14:16:51 1868 Level0 -- INI:[COMMON] FUNCSTAT=2
357374890 14:16:51 1868 Level0 -- INI:[COMMON] DRTPGROUP=1
357374890 14:16:51 1868 Level0 -- INI:[COMMON] MQNAME=.\bccmq
357374890 14:16:51 1868 Level0 -- INI:[COMMON] BEGIN=UGIN
357374890 14:16:51 1868 Level0 -- INI:[UGIN] UNITS=4
357374890 14:16:51 1868 Level0 -- INI:[UGIN] REQTIMEOUT=10000
357374890 14:16:51 1868 Level0 -- INI:[UGIN] STARTPROG=
357374890 14:16:51 1868 Level0 -- INI:[UGIN] BEGINSTART=0
357374890 14:16:51 1868 Level0 -- INI:[UGIN] MAXRUNTIME=0
357374890 14:16:51 1868 Level0 -- INI:[UGIN] NOVBUWARN=0
357374890 14:16:51 1868 Level0 -- INI:[UGIN] WAITTIME=10
357374890 14:16:51 1868 Level0 -- INI:[UGIN] WRITEAPPINFO=1
357374890 14:16:51 1868 Level0 -- INI:[UGIN] FIFOPROC1=0
357374890 14:16:51 1868 Level0 -- INI:[UGIN] FIFOPROC2=0
357374890 14:16:51 1868 Level0 -- INI:[UGIN] FIFOPROC3=0
357374890 14:16:51 1868 Level0 -- INI:[UGIN] PROG=
357374890 14:16:51 1868 Level0 -- INI:[UGIN] PATH=
357374890 14:16:51 1868 Level0 -- INI:[UGIN] ARGV=
357374890 14:16:51 1868 Level0 -- INI:[UGIN] BDFILE=
357374890 14:16:51 1868 Level0 -- INI:[UGIN] DISABLE=
357374890 14:16:51 1868 Level0 -- INI:[UGIN] NEXT=UGFTS
357374890 14:16:51 1868 Level0 -- INI:[UGFTS] UNITS=1
357374890 14:16:51 1868 Level0 -- INI:[UGFTS] REQTIMEOUT=10000
357374890 14:16:51 1868 Level0 -- INI:[UGFTS] STARTPROG=
357374890 14:16:51 1868 Level0 -- INI:[UGFTS] BEGINSTART=0
357374890 14:16:51 1868 Level0 -- INI:[UGFTS] MAXRUNTIME=0
357374890 14:16:51 1868 Level0 -- INI:[UGFTS] NOVBUWARN=0
357374890 14:16:51 1868 Level0 -- INI:[UGFTS] WAITTIME=10
357374890 14:16:51 1868 Level0 -- INI:[UGFTS] WRITEAPPINFO=0
357374890 14:16:51 1868 Level0 -- INI:[UGFTS] FIFOPROC1=1
357374890 14:16:51 1868 Level0 -- INI:[UGFTS] FIFOPROC2=0
357374890 14:16:51 1868 Level0 -- INI:[UGFTS] FIFOPROC3=0
357374890 14:16:51 1868 Level0 -- INI:[UGFTS] PROG=
357374890 14:16:51 1868 Level0 -- INI:[UGFTS] PATH=
357374890 14:16:51 1868 Level0 -- INI:[UGFTS] ARGV=
357374890 14:16:51 1868 Level0 -- INI:[UGFTS] BDFILE=fixfunc.lst
357374890 14:16:51 1868 Level0 -- INI:[UGFTS] DISABLE=
357374890 14:16:51 1868 Level0 -- INI:[UGFTS] NEXT=END
357374890 14:16:51 1868 Level0 -- INI:[COMMON] DEFAULT=
357374890 14:16:51 1868 Level0 -- INI:[COMMON] FLOGFILE=flog.txt
357374890 14:16:51 1868 Level0 -- INI:[COMMON] DYNASERVICE=:0:-1
357374921 14:16:51 1868 Level41 -- GPT0(通讯平台组BranchNo=100)启动!
357374921 14:16:51 1868 Level1 -- KSMBCC-IPC Version 2.99 Copyright 2003-2010 KS ChenYH, On 2011-06-08 14:49:58 - 系统开始启动!
357375935 14:16:52 1868 Level120 -- (1318832212)SVR与通讯平台1成功建立连接！
357375935 14:16:52 1868 Level120 -- (1318832212)SVR与通讯平台0成功建立连接！
357389913 14:17:06 1868 Level1122 -- BULink[0] use MQ Mode!
357389913 14:17:06 1868 Level200 -- BULink(0)连接成功,作为UGFTS,开始正式工作!
357389913 14:17:06 1868 Level1122 -- BULink[1] use MQ Mode!
357389913 14:17:06 1868 Level200 -- BULink(1)连接成功,作为UGIN,开始正式工作!
357390006 14:17:07 1868 Level410 -- 组推送线程0读取到一个待处理任务(R1:S0,D0,F5810,'1')
357390006 14:17:07 1868 Level121 -- (1318832227)Cli与通讯平台0成功建立连接！
357390006 14:17:07 1868 Level410 -- GPT0:100从sno0成功向(0:5810)推送了长度为360的数据(p1,lR1)
357390006 14:17:07 1868 Level411 -- GPT0成功推送数据1(R1)->(0:5810)
357390022 14:17:07 1868 Level842 -- GPT:从节点(172.28.120.205:3000:100)接收到来自目标点(0:5810)长度为130的对R1推送的确认包!
357442345 14:17:59 1868 Level200 -- 本BULink(0)GID=UGFTS停止工作!
357442376 14:17:59 1868 Level200 -- 本BULink(1)GID=UGIN停止工作!
357572294 14:20:09 1868 Level1122 -- BULink[0] use MQ Mode!
357572294 14:20:09 1868 Level200 -- BULink(0)连接成功,作为UGFTS,开始正式工作!
357572403 14:20:09 1868 Level1122 -- BULink[1] use MQ Mode!
357572403 14:20:09 1868 Level200 -- BULink(1)连接成功,作为UGIN,开始正式工作!
357572481 14:20:09 1868 Level410 -- 组推送线程0读取到一个待处理任务(R2:S0,D0,F5810,'1')
357572496 14:20:09 1868 Level410 -- GPT0:100从sno0成功向(0:5810)推送了长度为360的数据(p1,lR2)
357572496 14:20:09 1868 Level411 -- GPT0成功推送数据1(R2)->(0:5810)
357572512 14:20:09 1868 Level410 -- 组推送线程0读取到一个待处理任务(R3:S0,D0,F5810,'1')
357572512 14:20:09 1868 Level410 -- 组推送线程0读取到一个待处理任务(R4:S0,D0,F5810,'1')
357572512 14:20:09 1868 Level410 -- 组推送线程0读取到一个待处理任务(R5:S0,D0,F5810,'1')
357572512 14:20:09 1868 Level410 -- 组推送线程0读取到一个待处理任务(R6:S0,D0,F5810,'1')
357572512 14:20:09 1868 Level410 -- 组推送线程0读取到一个待处理任务(R7:S0,D0,F5810,'1')
357572512 14:20:09 1868 Level410 -- 组推送线程0读取到一个待处理任务(R8:S0,D0,F5810,'1')
357572512 14:20:09 1868 Level410 -- 组推送线程0读取到一个待处理任务(R9:S0,D0,F5810,'1')
357572512 14:20:09 1868 Level842 -- GPT:从节点(172.28.120.205:3000:100)接收到来自目标点(0:5810)长度为130的对R2推送的确认包!
357572528 14:20:09 1868 Level121 -- (1318832409)Cli与通讯平台1成功建立连接！
357572528 14:20:09 1868 Level410 -- GPT0:100从sno1成功向(0:5810)推送了长度为1983的数据(p7,lR9)
357572528 14:20:09 1868 Level411 -- GPT0成功推送数据1(R3)->(0:5810)
357572528 14:20:09 1868 Level411 -- GPT0成功推送数据1(R4)->(0:5810)
357572528 14:20:09 1868 Level411 -- GPT0成功推送数据1(R5)->(0:5810)
357572528 14:20:09 1868 Level411 -- GPT0成功推送数据1(R6)->(0:5810)
357572528 14:20:09 1868 Level411 -- GPT0成功推送数据1(R7)->(0:5810)
357572528 14:20:09 1868 Level411 -- GPT0成功推送数据1(R8)->(0:5810)
357572528 14:20:09 1868 Level411 -- GPT0成功推送数据1(R9)->(0:5810)
357572559 14:20:09 1868 Level842 -- GPT:从节点(172.28.120.205:3010:100)接收到来自目标点(0:5810)长度为130的对R9推送的确认包!
357593666 14:20:30 1868 Level200 -- 本BULink(1)GID=UGIN停止工作!
357593666 14:20:30 1868 Level200 -- 本BULink(0)GID=UGFTS停止工作!
357872502 14:25:09 1868 Level8401 -- 节点(172.28.120.205:3000)接收推送确认时出错:本连接出错，系统自动关闭了连接!
357872502 14:25:09 1868 Level8401 -- 节点(172.28.120.205:3010)接收推送确认时出错:本连接出错，系统自动关闭了连接!
362734101 15:46:11 1868 Level1588 -- PM1 received, length=344 from SNO:1
362940662 15:49:37 1868 Level101 -- ForwardThread[1] Exit!
362940662 15:49:37 1868 Level46 -- GPT0(通讯平台组BranchNo=100)正常退出!
362940694 15:49:37 1868 Level100 -- BULinkThread[1]退出!
362940694 15:49:37 1868 Level100 -- BUListenThread退出!
362940694 15:49:37 1868 Level100 -- KSMBCC-ForwardThread Exit!
362940740 15:49:37 1868 Level101 -- ForwardThread[0] Exit!
362940756 15:49:37 1868 Level100 -- BULinkThread[0]退出!
362940772 15:49:37 1868 Level801 -- (172.28.120.205:3000)应用接收错误(-3):DRTP error @ receiving:10038:Socket operation on nonsocket. 
362940772 15:49:37 1868 Level100 -- DRTPRecvThread[0]退出!
362940772 15:49:37 1868 Level801 -- (172.28.120.205:3010)应用接收错误(-3):DRTP error @ receiving:10038:Socket operation on nonsocket. 
362940772 15:49:37 1868 Level0 -- KSMBCC-IPC Version 2.99 Copyright 2003-2010 KS ChenYH, On 2011-06-08 14:49:58 - 系统正常退出!
362940772 15:49:37 1868 Level100 -- DRTPRecvThread[1]退出!
364994431 16:23:51 1784 Level0 -- INI:[COMMON] XCCHKUD=1
364994431 16:23:51 1784 Level0 -- INI:[COMMON] DRTPSENDWAIT=1000
364994431 16:23:51 1784 Level0 -- INI:[COMMON] CONNECTWAIT=1000
364994431 16:23:51 1784 Level0 -- INI:[COMMON] ODFILES=fbulog/*.log>d10;BUWDLOG/*.log>d10;forward/*.ksf>s180
364994431 16:23:51 1784 Level0 -- INI:[COMMON] PUSHFREE=1
364994431 16:23:51 1784 Level0 -- INI:[COMMON] DIRECTPM0=1
364994431 16:23:51 1784 Level0 -- INI:[COMMON] RECVPUSH=0
364994431 16:23:51 1784 Level0 -- INI:[COMMON] DEAMON=1
364994431 16:23:51 1784 Level0 -- INI:[COMMON] ID=1
364994431 16:23:51 1784 Level0 -- INI:[COMMON] BASEFUNCNO=5914
364994431 16:23:51 1784 Level0 -- INI:[COMMON] RDPPFILE=
364994431 16:23:51 1784 Level0 -- INI:[COMMON] RAXFILE=
364994431 16:23:51 1784 Level0 -- INI:[COMMON] BUSELECT=1
364994431 16:23:51 1784 Level0 -- INI:[COMMON] DEBUG=2
364994447 16:23:51 1784 Level0 -- INI:[COMMON] MAXANSLEN=8000
364994447 16:23:51 1784 Level0 -- INI:[COMMON] REQTIMEOUT=10000
364994447 16:23:51 1784 Level0 -- INI:[COMMON] SERVERCOUNT=2
364994447 16:23:51 1784 Level0 -- INI:[COMMON] SERVER1=172.28.120.205:3000:100
364994447 16:23:51 1784 Level0 -- INI:[COMMON] SERVER2=172.28.120.205:3010:100
364994447 16:23:51 1784 Level0 -- INI:[COMMON] SVRMODE=1
364994447 16:23:51 1784 Level0 -- INI:[COMMON] PUSHFUNC=0:0:0
364994447 16:23:51 1784 Level0 -- INI:[COMMON] FORWARD_PATH=forward/
364994447 16:23:51 1784 Level0 -- INI:[COMMON] FORWARD_CLEAR=1800   
364994447 16:23:51 1784 Level0 -- INI:[COMMON] BCCADP=0
364994447 16:23:51 1784 Level0 -- INI:[COMMON] PUSHSUPPORT=1
364994447 16:23:51 1784 Level0 -- INI:[COMMON] MULTIPUSH=4096
364994447 16:23:51 1784 Level0 -- INI:[COMMON] PFSWITCH=1
364994447 16:23:51 1784 Level0 -- INI:[COMMON] PATIME=8
364994447 16:23:51 1784 Level0 -- INI:[COMMON] PUSHDBFS_PATH=
364994447 16:23:51 1784 Level0 -- INI:[COMMON] STATUS_PATH=
364994447 16:23:51 1784 Level0 -- INI:[COMMON] MAXPDFLEN=2048000000  
364994447 16:23:51 1784 Level0 -- INI:[COMMON] KLGPATH=klg
364994447 16:23:51 1784 Level0 -- INI:[COMMON] LOGOVERDUE=3
364994447 16:23:51 1784 Level0 -- INI:[COMMON] TOTALSHMLEN=100
364994447 16:23:51 1784 Level0 -- INI:[COMMON] BUPORT=6664
364994447 16:23:51 1784 Level0 -- INI:[COMMON] LOGSHOW=1
364994447 16:23:51 1784 Level0 -- INI:[COMMON] MONITOR0=900800
364994447 16:23:51 1784 Level0 -- INI:[COMMON] FREETIME=1000
364994447 16:23:51 1784 Level0 -- INI:[COMMON] FUNCSTAT=2
364994447 16:23:51 1784 Level0 -- INI:[COMMON] DRTPGROUP=1
364994447 16:23:51 1784 Level0 -- INI:[COMMON] MQNAME=.\bccmq
364994447 16:23:51 1784 Level0 -- INI:[COMMON] BEGIN=UGIN
364994447 16:23:51 1784 Level0 -- INI:[UGIN] UNITS=4
364994447 16:23:51 1784 Level0 -- INI:[UGIN] REQTIMEOUT=10000
364994447 16:23:51 1784 Level0 -- INI:[UGIN] STARTPROG=
364994447 16:23:51 1784 Level0 -- INI:[UGIN] BEGINSTART=0
364994447 16:23:51 1784 Level0 -- INI:[UGIN] MAXRUNTIME=0
364994447 16:23:51 1784 Level0 -- INI:[UGIN] NOVBUWARN=0
364994447 16:23:51 1784 Level0 -- INI:[UGIN] WAITTIME=10
364994447 16:23:51 1784 Level0 -- INI:[UGIN] WRITEAPPINFO=1
364994447 16:23:51 1784 Level0 -- INI:[UGIN] FIFOPROC1=0
364994447 16:23:51 1784 Level0 -- INI:[UGIN] FIFOPROC2=0
364994447 16:23:51 1784 Level0 -- INI:[UGIN] FIFOPROC3=0
364994447 16:23:51 1784 Level0 -- INI:[UGIN] PROG=
364994447 16:23:51 1784 Level0 -- INI:[UGIN] PATH=
364994447 16:23:51 1784 Level0 -- INI:[UGIN] ARGV=
364994447 16:23:51 1784 Level0 -- INI:[UGIN] BDFILE=
364994447 16:23:51 1784 Level0 -- INI:[UGIN] DISABLE=
364994447 16:23:51 1784 Level0 -- INI:[UGIN] NEXT=UGFTS
364994447 16:23:51 1784 Level0 -- INI:[UGFTS] UNITS=1
364994447 16:23:51 1784 Level0 -- INI:[UGFTS] REQTIMEOUT=10000
364994447 16:23:51 1784 Level0 -- INI:[UGFTS] STARTPROG=
364994447 16:23:51 1784 Level0 -- INI:[UGFTS] BEGINSTART=0
364994447 16:23:51 1784 Level0 -- INI:[UGFTS] MAXRUNTIME=0
364994447 16:23:51 1784 Level0 -- INI:[UGFTS] NOVBUWARN=0
364994447 16:23:51 1784 Level0 -- INI:[UGFTS] WAITTIME=10
364994447 16:23:51 1784 Level0 -- INI:[UGFTS] WRITEAPPINFO=0
364994447 16:23:51 1784 Level0 -- INI:[UGFTS] FIFOPROC1=1
364994447 16:23:51 1784 Level0 -- INI:[UGFTS] FIFOPROC2=0
364994447 16:23:51 1784 Level0 -- INI:[UGFTS] FIFOPROC3=0
364994447 16:23:51 1784 Level0 -- INI:[UGFTS] PROG=
364994447 16:23:51 1784 Level0 -- INI:[UGFTS] PATH=
364994447 16:23:51 1784 Level0 -- INI:[UGFTS] ARGV=
364994447 16:23:51 1784 Level0 -- INI:[UGFTS] BDFILE=fixfunc.lst
364994447 16:23:51 1784 Level0 -- INI:[UGFTS] DISABLE=
364994447 16:23:51 1784 Level0 -- INI:[UGFTS] NEXT=END
364994447 16:23:51 1784 Level0 -- INI:[COMMON] DEFAULT=
364994447 16:23:51 1784 Level0 -- INI:[COMMON] FLOGFILE=flog.txt
364994447 16:23:51 1784 Level0 -- INI:[COMMON] DYNASERVICE=:0:-1
364994462 16:23:51 1784 Level1 -- KSMBCC-IPC Version 2.99 Copyright 2003-2010 KS ChenYH, On 2011-06-08 14:49:58 - 系统开始启动!
364994462 16:23:51 1784 Level41 -- GPT0(通讯平台组BranchNo=100)启动!
364995476 16:23:52 1784 Level120 -- (1318839832)SVR与通讯平台1成功建立连接！
364995476 16:23:52 1784 Level120 -- (1318839832)SVR与通讯平台0成功建立连接！
365046613 16:24:43 1784 Level1122 -- BULink[0] use MQ Mode!
365046613 16:24:43 1784 Level200 -- BULink(0)连接成功,作为UGFTS,开始正式工作!
365046613 16:24:43 1784 Level1122 -- BULink[1] use MQ Mode!
365046613 16:24:43 1784 Level200 -- BULink(1)连接成功,作为UGIN,开始正式工作!
365067908 16:25:05 1784 Level200 -- 本BULink(1)GID=UGIN停止工作!
365067908 16:25:05 1784 Level200 -- 本BULink(0)GID=UGFTS停止工作!
365075115 16:25:12 1784 Level1122 -- BULink[0] use MQ Mode!
365075115 16:25:12 1784 Level200 -- BULink(0)连接成功,作为UGFTS,开始正式工作!
365075224 16:25:12 1784 Level1122 -- BULink[1] use MQ Mode!
365075224 16:25:12 1784 Level200 -- BULink(1)连接成功,作为UGIN,开始正式工作!
365303594 16:29:00 1784 Level200 -- 本BULink(0)GID=UGFTS停止工作!
365303594 16:29:00 1784 Level200 -- 本BULink(1)GID=UGIN停止工作!
365465351 16:31:42 1784 Level1122 -- BULink[0] use MQ Mode!
365465351 16:31:42 1784 Level200 -- BULink(0)连接成功,作为UGFTS,开始正式工作!
365465461 16:31:42 1784 Level1122 -- BULink[1] use MQ Mode!
365465461 16:31:42 1784 Level200 -- BULink(1)连接成功,作为UGIN,开始正式工作!
365481856 16:31:59 1784 Level200 -- 本BULink(1)GID=UGIN停止工作!
365481965 16:31:59 1784 Level200 -- 本BULink(0)GID=UGFTS停止工作!
365485897 16:32:03 1784 Level1122 -- BULink[0] use MQ Mode!
365485897 16:32:03 1784 Level200 -- BULink(0)连接成功,作为UGFTS,开始正式工作!
365486006 16:32:03 1784 Level1122 -- BULink[1] use MQ Mode!
365486006 16:32:03 1784 Level200 -- BULink(1)连接成功,作为UGIN,开始正式工作!
365503478 16:32:20 1784 Level200 -- 本BULink(1)GID=UGIN停止工作!
365503556 16:32:20 1784 Level200 -- 本BULink(0)GID=UGFTS停止工作!
365517003 16:32:34 1784 Level1122 -- BULink[0] use MQ Mode!
365517003 16:32:34 1784 Level200 -- BULink(0)连接成功,作为UGFTS,开始正式工作!
365517066 16:32:34 1784 Level1122 -- BULink[1] use MQ Mode!
365517066 16:32:34 1784 Level200 -- BULink(1)连接成功,作为UGIN,开始正式工作!
365649199 16:34:46 1784 Level200 -- 本BULink(1)GID=UGIN停止工作!
365649339 16:34:46 1784 Level200 -- 本BULink(0)GID=UGFTS停止工作!
365673691 16:35:10 1784 Level1122 -- BULink[0] use MQ Mode!
365673691 16:35:10 1784 Level200 -- BULink(0)连接成功,作为UGFTS,开始正式工作!
365673800 16:35:11 1784 Level1122 -- BULink[1] use MQ Mode!
365673800 16:35:11 1784 Level200 -- BULink(1)连接成功,作为UGIN,开始正式工作!
365702130 16:35:39 1784 Level200 -- 本BULink(1)GID=UGIN停止工作!
365702286 16:35:39 1784 Level200 -- 本BULink(0)GID=UGFTS停止工作!
365705577 16:35:42 1784 Level1122 -- BULink[0] use MQ Mode!
365705577 16:35:42 1784 Level200 -- BULink(0)连接成功,作为UGFTS,开始正式工作!
365705624 16:35:42 1784 Level1122 -- BULink[1] use MQ Mode!
365705624 16:35:42 1784 Level200 -- BULink(1)连接成功,作为UGIN,开始正式工作!
365717558 16:35:54 1784 Level200 -- 本BULink(1)GID=UGIN停止工作!
365717714 16:35:54 1784 Level200 -- 本BULink(0)GID=UGFTS停止工作!
365722410 16:35:59 1784 Level1122 -- BULink[0] use MQ Mode!
365722410 16:35:59 1784 Level200 -- BULink(0)连接成功,作为UGFTS,开始正式工作!
365722472 16:35:59 1784 Level1122 -- BULink[1] use MQ Mode!
365722472 16:35:59 1784 Level200 -- BULink(1)连接成功,作为UGIN,开始正式工作!
365762720 16:36:39 1784 Level200 -- 本BULink(1)GID=UGIN停止工作!
365762986 16:36:40 1784 Level200 -- 本BULink(0)GID=UGFTS停止工作!
365915913 16:39:13 1784 Level1122 -- BULink[0] use MQ Mode!
365915913 16:39:13 1784 Level200 -- BULink(0)连接成功,作为UGFTS,开始正式工作!
365915976 16:39:13 1784 Level1122 -- BULink[1] use MQ Mode!
365915976 16:39:13 1784 Level200 -- BULink(1)连接成功,作为UGIN,开始正式工作!
365931108 16:39:28 1784 Level200 -- 本BULink(1)GID=UGIN停止工作!
365931342 16:39:28 1784 Level200 -- 本BULink(0)GID=UGFTS停止工作!
365934946 16:39:32 1784 Level1122 -- BULink[0] use MQ Mode!
365934946 16:39:32 1784 Level200 -- BULink(0)连接成功,作为UGFTS,开始正式工作!
365935055 16:39:32 1784 Level1122 -- BULink[1] use MQ Mode!
365935055 16:39:32 1784 Level200 -- BULink(1)连接成功,作为UGIN,开始正式工作!
365983789 16:40:21 1784 Level200 -- 本BULink(1)GID=UGIN停止工作!
365983821 16:40:21 1784 Level200 -- 本BULink(0)GID=UGFTS停止工作!
366673267 16:51:50 1784 Level1122 -- BULink[0] use MQ Mode!
366673267 16:51:50 1784 Level200 -- BULink(0)连接成功,作为UGFTS,开始正式工作!
366673345 16:51:50 1784 Level1122 -- BULink[1] use MQ Mode!
366673345 16:51:50 1784 Level200 -- BULink(1)连接成功,作为UGIN,开始正式工作!
366725590 16:52:42 1784 Level1588 -- PM1 received, length=347 from SNO:1
366725590 16:52:42 1784 Level7100 -- BU0-GID1 15904 REQ=411701 f=1 n=0 user=0 len=347 ht=0 SendMsg=0 addr:000.000.000.000(000.000) sno=1
366749708 16:53:06 1784 Level1588 -- PM1 received, length=266 from SNO:1
366753358 16:53:10 1784 Level7200 -- BU0-GID1 15904 ASW=411701 user=0 retcode=0 len=0 cost 27768ms addr:000.000.000.000(000.000)
366753374 16:53:10 1784 Level7100 -- BU0-GID1 15904 REQ=411702 f=1 n=0 user=0 len=266 ht=3666 SendMsg=0 addr:000.000.000.000(000.000) sno=1
366753374 16:53:10 1784 Level7200 -- BU0-GID1 15904 ASW=411702 user=0 retcode=0 len=0 cost 3666ms addr:000.000.000.000(000.000)
366753389 16:53:10 1784 Level410 -- 组推送线程0读取到一个待处理任务(R10:S0,D0,F5810,'1')
366753389 16:53:10 1784 Level121 -- (1318841590)Cli与通讯平台1成功建立连接！
366753389 16:53:10 1784 Level410 -- GPT0:100从sno1成功向(0:5810)推送了长度为274的数据(p1,lR10)
366753389 16:53:10 1784 Level411 -- GPT0成功推送数据1(R10)->(0:5810)
366753405 16:53:10 1784 Level842 -- GPT:从节点(172.28.120.205:3010:100)接收到来自目标点(0:5810)长度为130的对R10推送的确认包!
366753498 16:53:10 1784 Level410 -- 组推送线程0读取到一个待处理任务(R11:S0,D0,F5810,'1')
366753514 16:53:10 1784 Level121 -- (1318841590)Cli与通讯平台0成功建立连接！
366753514 16:53:10 1784 Level410 -- GPT0:100从sno0成功向(0:5810)推送了长度为379的数据(p1,lR11)
366753514 16:53:10 1784 Level411 -- GPT0成功推送数据1(R11)->(0:5810)
366753530 16:53:10 1784 Level842 -- GPT:从节点(172.28.120.205:3000:100)接收到来自目标点(0:5810)长度为130的对R11推送的确认包!
367053379 16:58:10 1784 Level8401 -- 节点(172.28.120.205:3010)接收推送确认时出错:本连接出错，系统自动关闭了连接!
367053520 16:58:10 1784 Level8401 -- 节点(172.28.120.205:3000)接收推送确认时出错:本连接出错，系统自动关闭了连接!
368048556 17:14:45 1784 Level1588 -- PM1 received, length=347 from SNO:1
368048556 17:14:45 1784 Level7100 -- BU0-GID1 15904 REQ=411701 f=1 n=0 user=0 len=347 ht=0 SendMsg=0 addr:000.000.000.000(000.000) sno=1
368100037 17:15:37 1784 Level1588 -- PM1 received, length=266 from SNO:1
369257377 17:34:54 1784 Level7200 -- BU0-GID1 15904 ASW=411701 user=0 retcode=0 len=0 cost 1208821ms addr:000.000.000.000(000.000)
369295784 17:35:33 1784 Level410 -- 组推送线程0读取到一个待处理任务(R12:S0,D0,F5810,'1')
369295784 17:35:33 1784 Level121 -- (1318844133)Cli与通讯平台1成功建立连接！
369295784 17:35:33 1784 Level410 -- GPT0:100从sno1成功向(0:5810)推送了长度为379的数据(p1,lR12)
369295784 17:35:33 1784 Level411 -- GPT0成功推送数据1(R12)->(0:5810)
369295800 17:35:33 1784 Level842 -- GPT:从节点(172.28.120.205:3010:100)接收到来自目标点(0:5810)长度为130的对R12推送的确认包!
369595759 17:40:33 1784 Level8401 -- 节点(172.28.120.205:3010)接收推送确认时出错:本连接出错，系统自动关闭了连接!
371132992 18:06:10 1784 Level1290 -- (1318845970)CLI通讯平台0(0:5810)接收应答错误:应用服务器未注册或目的网关无法到达(F=5810/D=0,100)!
371193302 18:07:10 1784 Level1290 -- (1318846030)CLI通讯平台0(0:5810)接收应答错误:应用服务器未注册或目的网关无法到达(F=5810/D=0,100)!
371276357 18:08:33 1784 Level1588 -- PM1 received, length=340 from SNO:0
371276357 18:08:33 1784 Level7100 -- BU0-GID1 15904 REQ=411701 f=1 n=0 user=0 len=340 ht=0 SendMsg=0 addr:000.000.000.000(000.000) sno=0
371327105 18:09:24 1784 Level1588 -- PM1 received, length=266 from SNO:0
371329460 18:09:26 1784 Level7200 -- BU0-GID1 15904 ASW=411701 user=0 retcode=0 len=0 cost 53103ms addr:000.000.000.000(000.000)
371329460 18:09:26 1784 Level7100 -- BU0-GID1 15904 REQ=411702 f=1 n=0 user=0 len=266 ht=2309 SendMsg=0 addr:000.000.000.000(000.000) sno=0
371333891 18:09:31 1784 Level7200 -- BU0-GID1 15904 ASW=411702 user=0 retcode=0 len=0 cost 6740ms addr:000.000.000.000(000.000)
371333906 18:09:31 1784 Level410 -- 组推送线程0读取到一个待处理任务(R13:S0,D0,F5810,'1')
371333906 18:09:31 1784 Level121 -- (1318846171)Cli与通讯平台1成功建立连接！
371333906 18:09:31 1784 Level410 -- GPT0:100从sno1成功向(0:5810)推送了长度为274的数据(p1,lR13)
371333906 18:09:31 1784 Level411 -- GPT0成功推送数据1(R13)->(0:5810)
371333922 18:09:31 1784 Level842 -- GPT:从节点(172.28.120.205:3010:100)接收到来自目标点(0:5810)长度为130的对R13推送的确认包!
371633912 18:14:31 1784 Level8401 -- 节点(172.28.120.205:3010)接收推送确认时出错:本连接出错，系统自动关闭了连接!
371817197 18:17:34 1784 Level200 -- 本BULink(0)GID=UGFTS停止工作!
371817197 18:17:34 1784 Level200 -- 本BULink(1)GID=UGIN停止工作!
372528156 18:29:25 1784 Level1122 -- BULink[0] use MQ Mode!
372528156 18:29:25 1784 Level200 -- BULink(0)连接成功,作为UGFTS,开始正式工作!
372528187 18:29:25 1784 Level1122 -- BULink[1] use MQ Mode!
372528187 18:29:25 1784 Level200 -- BULink(1)连接成功,作为UGIN,开始正式工作!
372540574 18:29:37 1784 Level410 -- 组推送线程0读取到一个待处理任务(R14:S0,D0,F5810,'1')
372540574 18:29:37 1784 Level121 -- (1318847377)Cli与通讯平台0成功建立连接！
372540574 18:29:37 1784 Level410 -- GPT0:100从sno0成功向(0:5810)推送了长度为420的数据(p1,lR14)
372540574 18:29:37 1784 Level411 -- GPT0成功推送数据1(R14)->(0:5810)
372540590 18:29:37 1784 Level842 -- GPT:从节点(172.28.120.205:3000:100)接收到来自目标点(0:5810)长度为130的对R14推送的确认包!
372694874 18:32:12 1784 Level1588 -- PM1 received, length=340 from SNO:1
372694874 18:32:12 1784 Level7100 -- BU0-GID1 8352 REQ=411701 f=1 n=0 user=0 len=340 ht=0 SendMsg=0 addr:000.000.000.000(000.000) sno=1
372694874 18:32:12 1784 Level7200 -- BU0-GID1 8352 ASW=411701 user=0 retcode=0 len=0 cost 0ms addr:000.000.000.000(000.000)
372694921 18:32:12 1784 Level410 -- 组推送线程0读取到一个待处理任务(R15:S0,D0,F5810,'1')
372694937 18:32:12 1784 Level410 -- GPT0:100从sno0成功向(0:5810)推送了长度为420的数据(p1,lR15)
372694937 18:32:12 1784 Level411 -- GPT0成功推送数据1(R15)->(0:5810)
372694952 18:32:12 1784 Level842 -- GPT:从节点(172.28.120.205:3000:100)接收到来自目标点(0:5810)长度为130的对R15推送的确认包!
372910889 18:35:48 1784 Level1290 -- (1318847748)CLI通讯平台1(0:5810)接收应答错误:应用服务器未注册或目的网关无法到达(F=5810/D=0,100)!
372953789 18:36:31 1784 Level1588 -- PM1 received, length=340 from SNO:0
372953789 18:36:31 1784 Level7100 -- BU0-GID1 8352 REQ=411701 f=1 n=0 user=0 len=340 ht=0 SendMsg=0 addr:000.000.000.000(000.000) sno=0
372953789 18:36:31 1784 Level7200 -- BU0-GID1 8352 ASW=411701 user=0 retcode=0 len=0 cost 0ms addr:000.000.000.000(000.000)
372953821 18:36:31 1784 Level410 -- 组推送线程0读取到一个待处理任务(R16:S0,D0,F5810,'1')
372953836 18:36:31 1784 Level121 -- (1318847791)Cli与通讯平台1成功建立连接！
372953836 18:36:31 1784 Level410 -- GPT0:100从sno1成功向(0:5810)推送了长度为420的数据(p1,lR16)
372953836 18:36:31 1784 Level411 -- GPT0成功推送数据1(R16)->(0:5810)
372953867 18:36:31 1784 Level842 -- GPT:从节点(172.28.120.205:3010:100)接收到来自目标点(0:5810)长度为130的对R16推送的确认包!
372994927 18:37:12 1784 Level8401 -- 节点(172.28.120.205:3000)接收推送确认时出错:本连接出错，系统自动关闭了连接!
373003600 18:37:20 1784 Level1588 -- PM1 received, length=340 from SNO:0
373003616 18:37:20 1784 Level7100 -- BU0-GID1 8352 REQ=411701 f=1 n=0 user=0 len=340 ht=0 SendMsg=0 addr:000.000.000.000(000.000) sno=0
373003616 18:37:20 1784 Level7200 -- BU0-GID1 8352 ASW=411701 user=0 retcode=0 len=0 cost 0ms addr:000.000.000.000(000.000)
373045128 18:38:02 1784 Level1588 -- PM1 received, length=266 from SNO:1
373046704 18:38:04 1784 Level7100 -- BU0-GID1 8352 REQ=411702 f=1 n=0 user=0 len=266 ht=1576 SendMsg=0 addr:000.000.000.000(000.000) sno=1
373046719 18:38:04 1784 Level7200 -- BU0-GID1 8352 ASW=411702 user=0 retcode=0 len=0 cost 1591ms addr:000.000.000.000(000.000)
373046750 18:38:04 1784 Level410 -- 组推送线程0读取到一个待处理任务(R17:S0,D0,F5810,'1')
373046750 18:38:04 1784 Level410 -- 组推送线程0读取到一个待处理任务(R18:S0,D0,F5810,'1')
373046766 18:38:04 1784 Level121 -- (1318847884)Cli与通讯平台0成功建立连接！
373046766 18:38:04 1784 Level410 -- GPT0:100从sno0成功向(0:5810)推送了长度为629的数据(p2,lR18)
373046766 18:38:04 1784 Level411 -- GPT0成功推送数据1(R17)->(0:5810)
373046766 18:38:04 1784 Level411 -- GPT0成功推送数据1(R18)->(0:5810)
373046782 18:38:04 1784 Level842 -- GPT:从节点(172.28.120.205:3000:100)接收到来自目标点(0:5810)长度为130的对R18推送的确认包!
373219256 18:40:56 1784 Level1588 -- PM1 received, length=330 from SNO:0
373219256 18:40:56 1784 Level7100 -- BU0-GID1 8352 REQ=411701 f=1 n=0 user=0 len=330 ht=0 SendMsg=0 addr:000.000.000.000(000.000) sno=0
373219256 18:40:56 1784 Level7200 -- BU0-GID1 8352 ASW=411701 user=0 retcode=0 len=0 cost 0ms addr:000.000.000.000(000.000)
373219334 18:40:56 1784 Level410 -- 组推送线程0读取到一个待处理任务(R19:S0,D0,F5810,'1')
373219365 18:40:56 1784 Level121 -- (1318848056)Cli与通讯平台1成功建立连接！
373219365 18:40:56 1784 Level410 -- GPT0:100从sno1成功向(0:5810)推送了长度为420的数据(p1,lR19)
373219365 18:40:56 1784 Level411 -- GPT0成功推送数据1(R19)->(0:5810)
373219397 18:40:56 1784 Level842 -- GPT:从节点(172.28.120.205:3010:100)接收到来自目标点(0:5810)长度为130的对R19推送的确认包!
373346725 18:43:04 1784 Level8401 -- 节点(172.28.120.205:3000)接收推送确认时出错:本连接出错，系统自动关闭了连接!
373519355 18:45:56 1784 Level8401 -- 节点(172.28.120.205:3010)接收推送确认时出错:本连接出错，系统自动关闭了连接!
373615561 18:47:32 1784 Level200 -- 本BULink(0)GID=UGFTS停止工作!
373616528 18:47:33 1784 Level200 -- 本BULink(1)GID=UGIN停止工作!
